<!DOCTYPE html>

<html>
  <head>
  <meta charset='utf-8'>
  <title>TestNG reports</title>

    <link type="text/css" href="testng-reports1.css" rel="stylesheet" id="ultra" />
    <link type="text/css" href="testng-reports.css" rel="stylesheet" id="retro" disabled="false"/>
    <script type="text/javascript" src="jquery-3.6.0.min.js"></script>
    <script type="text/javascript" src="testng-reports.js"></script>
    <script type="text/javascript" src="https://www.google.com/jsapi"></script>
    <script type='text/javascript'>
      google.load('visualization', '1', {packages:['table']});
      google.setOnLoadCallback(drawTable);
      var suiteTableInitFunctions = new Array();
      var suiteTableData = new Array();
    </script>
    <!--
      <script type="text/javascript" src="jquery-ui/js/jquery-ui-1.8.16.custom.min.js"></script>
     -->
  </head>

  <body>    <div class="top-banner-root">
      <span class="top-banner-title-font">Test results</span>
      <button id="button" class="button">Switch Retro Theme</button> <!-- button -->
      <br/>
      <span class="top-banner-font-1">1 suite, 1 failed test</span>
    </div> <!-- top-banner-root -->
    <div class="navigator-root">
      <div class="navigator-suite-header">
        <span>All suites</span>
        <a href="#" title="Collapse/expand all the suites" class="collapse-all-link">
          <img src="collapseall.gif" class="collapse-all-icon">
          </img> <!-- collapse-all-icon -->
        </a> <!-- collapse-all-link -->
      </div> <!-- navigator-suite-header -->
      <div class="suite">
        <div class="rounded-window">
          <div class="suite-header light-rounded-window-top">
            <a href="#" panel-name="suite-Surefire_suite" class="navigator-link">
              <span class="suite-name border-failed">Surefire suite</span>
            </a> <!-- navigator-link -->
          </div> <!-- suite-header light-rounded-window-top -->
          <div class="navigator-suite-content">
            <div class="suite-section-title">
              <span>Info</span>
            </div> <!-- suite-section-title -->
            <div class="suite-section-content">
              <ul>
                <li>
                  <a href="#" panel-name="test-xml-Surefire_suite" class="navigator-link ">
                    <span>[unset file name]</span>
                  </a> <!-- navigator-link  -->
                </li>
                <li>
                  <a href="#" panel-name="testlist-Surefire_suite" class="navigator-link ">
                    <span class="test-stats">1 test</span>
                  </a> <!-- navigator-link  -->
                </li>
                <li>
                  <a href="#" panel-name="group-Surefire_suite" class="navigator-link ">
                    <span>0 groups</span>
                  </a> <!-- navigator-link  -->
                </li>
                <li>
                  <a href="#" panel-name="times-Surefire_suite" class="navigator-link ">
                    <span>Times</span>
                  </a> <!-- navigator-link  -->
                </li>
                <li>
                  <a href="#" panel-name="reporter-Surefire_suite" class="navigator-link ">
                    <span>Reporter output</span>
                  </a> <!-- navigator-link  -->
                </li>
                <li>
                  <a href="#" panel-name="ignored-methods-Surefire_suite" class="navigator-link ">
                    <span>Ignored methods</span>
                  </a> <!-- navigator-link  -->
                </li>
                <li>
                  <a href="#" panel-name="chronological-Surefire_suite" class="navigator-link ">
                    <span>Chronological view</span>
                  </a> <!-- navigator-link  -->
                </li>
              </ul>
            </div> <!-- suite-section-content -->
            <div class="result-section">
              <div class="suite-section-title">
                <span>Results</span>
              </div> <!-- suite-section-title -->
              <div class="suite-section-content">
                <ul>
                  <li>
                    <span class="method-stats">65 methods, 1 failed,  60 skipped,  4 passed</span>
                  </li>
                  <li>
                    <span class="method-list-title failed">Failed methods</span>
                    <span class="show-or-hide-methods failed">
                      <a href="#" panel-name="suite-Surefire_suite" class="hide-methods failed suite-Surefire_suite"> (hide)</a> <!-- hide-methods failed suite-Surefire_suite -->
                      <a href="#" panel-name="suite-Surefire_suite" class="show-methods failed suite-Surefire_suite"> (show)</a> <!-- show-methods failed suite-Surefire_suite -->
                    </span>
                    <div class="method-list-content failed suite-Surefire_suite">
                      <span>
                        <img src="failed.png" width="3%"/>
                        <a href="#" panel-name="suite-Surefire_suite" title="pagesTest.ForgotUserIdTest" class="method navigator-link" hash-for-method="verifyForgotUserIdTest">verifyForgotUserIdTest</a> <!-- method navigator-link -->
                      </span>
                      <br/>
                    </div> <!-- method-list-content failed suite-Surefire_suite -->
                  </li>
                  <li>
                    <span class="method-list-title skipped">Skipped methods</span>
                    <span class="show-or-hide-methods skipped">
                      <a href="#" panel-name="suite-Surefire_suite" class="hide-methods skipped suite-Surefire_suite"> (hide)</a> <!-- hide-methods skipped suite-Surefire_suite -->
                      <a href="#" panel-name="suite-Surefire_suite" class="show-methods skipped suite-Surefire_suite"> (show)</a> <!-- show-methods skipped suite-Surefire_suite -->
                    </span>
                    <div class="method-list-content skipped suite-Surefire_suite">
                      <span>
                        <img src="skipped.png" width="3%"/>
                        <a href="#" panel-name="suite-Surefire_suite" title="pagesTest.HomePageTest" class="method navigator-link" hash-for-method="alternate_of_click_method_test">alternate_of_click_method_test</a> <!-- method navigator-link -->
                      </span>
                      <br/>
                      <span>
                        <img src="skipped.png" width="3%"/>
                        <a href="#" panel-name="suite-Surefire_suite" title="pagesTest.HomePageTest" class="method navigator-link" hash-for-method="alternate_of_send_keys_method_test">alternate_of_send_keys_method_test</a> <!-- method navigator-link -->
                      </span>
                      <br/>
                      <span>
                        <img src="skipped.png" width="3%"/>
                        <a href="#" panel-name="suite-Surefire_suite" title="pagesTest.HomePageTest" class="method navigator-link" hash-for-method="authentication_pop_up_test">authentication_pop_up_test</a> <!-- method navigator-link -->
                      </span>
                      <br/>
                      <span>
                        <img src="skipped.png" width="3%"/>
                        <a href="#" panel-name="suite-Surefire_suite" title="pagesTest.HomePageTest" class="method navigator-link" hash-for-method="clickLoginButtonTest">clickLoginButtonTest</a> <!-- method navigator-link -->
                      </span>
                      <br/>
                      <span>
                        <img src="skipped.png" width="3%"/>
                        <a href="#" panel-name="suite-Surefire_suite" title="pagesTest.HomePageTest" class="method navigator-link" hash-for-method="clickLogoTest">clickLogoTest</a> <!-- method navigator-link -->
                      </span>
                      <br/>
                      <span>
                        <img src="skipped.png" width="3%"/>
                        <a href="#" panel-name="suite-Surefire_suite" title="pagesTest.HomePageTest" class="method navigator-link" hash-for-method="clickNewUserRegistrationTest">clickNewUserRegistrationTest</a> <!-- method navigator-link -->
                      </span>
                      <br/>
                      <span>
                        <img src="skipped.png" width="3%"/>
                        <a href="#" panel-name="suite-Surefire_suite" title="pagesTest.HomePageTest" class="method navigator-link" hash-for-method="clickPasswordTest">clickPasswordTest</a> <!-- method navigator-link -->
                      </span>
                      <br/>
                      <span>
                        <img src="skipped.png" width="3%"/>
                        <a href="#" panel-name="suite-Surefire_suite" title="pagesTest.HomePageTest" class="method navigator-link" hash-for-method="clickUnlockTest">clickUnlockTest</a> <!-- method navigator-link -->
                      </span>
                      <br/>
                      <span>
                        <img src="skipped.png" width="3%"/>
                        <a href="#" panel-name="suite-Surefire_suite" title="pagesTest.HomePageTest" class="method navigator-link" hash-for-method="clickUserIdTest">clickUserIdTest</a> <!-- method navigator-link -->
                      </span>
                      <br/>
                      <span>
                        <img src="skipped.png" width="3%"/>
                        <a href="#" panel-name="suite-Surefire_suite" title="pagesTest.HomePageTest" class="method navigator-link" hash-for-method="getMethodsOfThePageTest">getMethodsOfThePageTest</a> <!-- method navigator-link -->
                      </span>
                      <br/>
                      <span>
                        <img src="skipped.png" width="3%"/>
                        <a href="#" panel-name="suite-Surefire_suite" title="pagesTest.HomePageTest" class="method navigator-link" hash-for-method="how_to_handle_hidden_element_by_javascriptExecutor_test">how_to_handle_hidden_element_by_javascriptExecutor_test</a> <!-- method navigator-link -->
                      </span>
                      <br/>
                      <span>
                        <img src="skipped.png" width="3%"/>
                        <a href="#" panel-name="suite-Surefire_suite" title="pagesTest.HomePageTest" class="method navigator-link" hash-for-method="how_to_handle_hidden_element_by_regular_selenium_method_test">how_to_handle_hidden_element_by_regular_selenium_method_test</a> <!-- method navigator-link -->
                      </span>
                      <br/>
                      <span>
                        <img src="skipped.png" width="3%"/>
                        <a href="#" panel-name="suite-Surefire_suite" title="pagesTest.HomePageTest" class="method navigator-link" hash-for-method="implicitlyWaitTest">implicitlyWaitTest</a> <!-- method navigator-link -->
                      </span>
                      <br/>
                      <span>
                        <img src="skipped.png" width="3%"/>
                        <a href="#" panel-name="suite-Surefire_suite" title="pagesTest.HomePageTest" class="method navigator-link" hash-for-method="inputTextInUserIdAndPasswordFieldThenIAgreeAndClickToTheLoginButtonTest">inputTextInUserIdAndPasswordFieldThenIAgreeAndClickToTheLoginButtonTest</a> <!-- method navigator-link -->
                      </span>
                      <br/>
                      <span>
                        <img src="skipped.png" width="3%"/>
                        <a href="#" panel-name="suite-Surefire_suite" title="pagesTest.HomePageTest" class="method navigator-link" hash-for-method="inputTextInUserIdFieldTest">inputTextInUserIdFieldTest</a> <!-- method navigator-link -->
                      </span>
                      <br/>
                      <span>
                        <img src="skipped.png" width="3%"/>
                        <a href="#" panel-name="suite-Surefire_suite" title="pagesTest.HomePageTest" class="method navigator-link" hash-for-method="login_process_by_JavascriptExecutor_common_method_test">login_process_by_JavascriptExecutor_common_method_test</a> <!-- method navigator-link -->
                      </span>
                      <br/>
                      <span>
                        <img src="skipped.png" width="3%"/>
                        <a href="#" panel-name="suite-Surefire_suite" title="pagesTest.HomePageTest" class="method navigator-link" hash-for-method="login_process_by_JavascriptExecutor_test">login_process_by_JavascriptExecutor_test</a> <!-- method navigator-link -->
                      </span>
                      <br/>
                      <span>
                        <img src="skipped.png" width="3%"/>
                        <a href="#" panel-name="suite-Surefire_suite" title="pagesTest.HomePageTest" class="method navigator-link" hash-for-method="newUserRegistrationPageValidationTest">newUserRegistrationPageValidationTest</a> <!-- method navigator-link -->
                      </span>
                      <br/>
                      <span>
                        <img src="skipped.png" width="3%"/>
                        <a href="#" panel-name="suite-Surefire_suite" title="pagesTest.HomePageTest" class="method navigator-link" hash-for-method="nullPointerExceptionTest">nullPointerExceptionTest</a> <!-- method navigator-link -->
                      </span>
                      <br/>
                      <span>
                        <img src="skipped.png" width="3%"/>
                        <a href="#" panel-name="suite-Surefire_suite" title="pagesTest.HomePageTest" class="method navigator-link" hash-for-method="role1_use_of_cssSelector_by_class_name_value_test">role1_use_of_cssSelector_by_class_name_value_test</a> <!-- method navigator-link -->
                      </span>
                      <br/>
                      <span>
                        <img src="skipped.png" width="3%"/>
                        <a href="#" panel-name="suite-Surefire_suite" title="pagesTest.HomePageTest" class="method navigator-link" hash-for-method="role2_use_of_cssSelector_by_id_value_test">role2_use_of_cssSelector_by_id_value_test</a> <!-- method navigator-link -->
                      </span>
                      <br/>
                      <span>
                        <img src="skipped.png" width="3%"/>
                        <a href="#" panel-name="suite-Surefire_suite" title="pagesTest.HomePageTest" class="method navigator-link" hash-for-method="role3_use_of_cssSelector_by_compund_class_name_value_test">role3_use_of_cssSelector_by_compund_class_name_value_test</a> <!-- method navigator-link -->
                      </span>
                      <br/>
                      <span>
                        <img src="skipped.png" width="3%"/>
                        <a href="#" panel-name="suite-Surefire_suite" title="pagesTest.HomePageTest" class="method navigator-link" hash-for-method="role4_use_of_cssSelector_by_attribute_and_its_value_test">role4_use_of_cssSelector_by_attribute_and_its_value_test</a> <!-- method navigator-link -->
                      </span>
                      <br/>
                      <span>
                        <img src="skipped.png" width="3%"/>
                        <a href="#" panel-name="suite-Surefire_suite" title="pagesTest.HomePageTest" class="method navigator-link" hash-for-method="role5_use_of_cssSelector_by_class_name_value_and_attribute_and_its_value_test">role5_use_of_cssSelector_by_class_name_value_and_attribute_and_its_value_test</a> <!-- method navigator-link -->
                      </span>
                      <br/>
                      <span>
                        <img src="skipped.png" width="3%"/>
                        <a href="#" panel-name="suite-Surefire_suite" title="pagesTest.HomePageTest" class="method navigator-link" hash-for-method="role6_use_of_cssSelector_by_id_value_and_attribute_and_its_value_test">role6_use_of_cssSelector_by_id_value_and_attribute_and_its_value_test</a> <!-- method navigator-link -->
                      </span>
                      <br/>
                      <span>
                        <img src="skipped.png" width="3%"/>
                        <a href="#" panel-name="suite-Surefire_suite" title="pagesTest.HomePageTest" class="method navigator-link" hash-for-method="scroll_into_view_the_element_by_commonActions_test">scroll_into_view_the_element_by_commonActions_test</a> <!-- method navigator-link -->
                      </span>
                      <br/>
                      <span>
                        <img src="skipped.png" width="3%"/>
                        <a href="#" panel-name="suite-Surefire_suite" title="pagesTest.HomePageTest" class="method navigator-link" hash-for-method="scroll_into_view_the_element_test">scroll_into_view_the_element_test</a> <!-- method navigator-link -->
                      </span>
                      <br/>
                      <span>
                        <img src="skipped.png" width="3%"/>
                        <a href="#" panel-name="suite-Surefire_suite" title="pagesTest.HomePageTest" class="method navigator-link" hash-for-method="switch_between_window_test">switch_between_window_test</a> <!-- method navigator-link -->
                      </span>
                      <br/>
                      <span>
                        <img src="skipped.png" width="3%"/>
                        <a href="#" panel-name="suite-Surefire_suite" title="pagesTest.HomePageTest" class="method navigator-link" hash-for-method="useOfByClassInLoginProcessTest">useOfByClassInLoginProcessTest</a> <!-- method navigator-link -->
                      </span>
                      <br/>
                      <span>
                        <img src="skipped.png" width="3%"/>
                        <a href="#" panel-name="suite-Surefire_suite" title="pagesTest.HomePageTest" class="method navigator-link" hash-for-method="use_of_clear_in_login_test">use_of_clear_in_login_test</a> <!-- method navigator-link -->
                      </span>
                      <br/>
                      <span>
                        <img src="skipped.png" width="3%"/>
                        <a href="#" panel-name="suite-Surefire_suite" title="pagesTest.HomePageTest" class="method navigator-link" hash-for-method="use_of_double_click_action_test">use_of_double_click_action_test</a> <!-- method navigator-link -->
                      </span>
                      <br/>
                      <span>
                        <img src="skipped.png" width="3%"/>
                        <a href="#" panel-name="suite-Surefire_suite" title="pagesTest.HomePageTest" class="method navigator-link" hash-for-method="use_of_explicitly_wait_01_test">use_of_explicitly_wait_01_test</a> <!-- method navigator-link -->
                      </span>
                      <br/>
                      <span>
                        <img src="skipped.png" width="3%"/>
                        <a href="#" panel-name="suite-Surefire_suite" title="pagesTest.HomePageTest" class="method navigator-link" hash-for-method="use_of_explicitly_wait_02_test">use_of_explicitly_wait_02_test</a> <!-- method navigator-link -->
                      </span>
                      <br/>
                      <span>
                        <img src="skipped.png" width="3%"/>
                        <a href="#" panel-name="suite-Surefire_suite" title="pagesTest.HomePageTest" class="method navigator-link" hash-for-method="use_of_explicitly_wait_03_test">use_of_explicitly_wait_03_test</a> <!-- method navigator-link -->
                      </span>
                      <br/>
                      <span>
                        <img src="skipped.png" width="3%"/>
                        <a href="#" panel-name="suite-Surefire_suite" title="pagesTest.HomePageTest" class="method navigator-link" hash-for-method="use_of_explicitly_wait_04_test">use_of_explicitly_wait_04_test</a> <!-- method navigator-link -->
                      </span>
                      <br/>
                      <span>
                        <img src="skipped.png" width="3%"/>
                        <a href="#" panel-name="suite-Surefire_suite" title="pagesTest.HomePageTest" class="method navigator-link" hash-for-method="use_of_explicitly_wait_05_test">use_of_explicitly_wait_05_test</a> <!-- method navigator-link -->
                      </span>
                      <br/>
                      <span>
                        <img src="skipped.png" width="3%"/>
                        <a href="#" panel-name="suite-Surefire_suite" title="pagesTest.HomePageTest" class="method navigator-link" hash-for-method="use_of_explicitly_wait_from_common_waits_test">use_of_explicitly_wait_from_common_waits_test</a> <!-- method navigator-link -->
                      </span>
                      <br/>
                      <span>
                        <img src="skipped.png" width="3%"/>
                        <a href="#" panel-name="suite-Surefire_suite" title="pagesTest.HomePageTest" class="method navigator-link" hash-for-method="use_of_getAttribute_by_common_method_test">use_of_getAttribute_by_common_method_test</a> <!-- method navigator-link -->
                      </span>
                      <br/>
                      <span>
                        <img src="skipped.png" width="3%"/>
                        <a href="#" panel-name="suite-Surefire_suite" title="pagesTest.HomePageTest" class="method navigator-link" hash-for-method="use_of_getAttribute_method_Test">use_of_getAttribute_method_Test</a> <!-- method navigator-link -->
                      </span>
                      <br/>
                      <span>
                        <img src="skipped.png" width="3%"/>
                        <a href="#" panel-name="suite-Surefire_suite" title="pagesTest.HomePageTest" class="method navigator-link" hash-for-method="use_of_isDisplayed_in_login_test">use_of_isDisplayed_in_login_test</a> <!-- method navigator-link -->
                      </span>
                      <br/>
                      <span>
                        <img src="skipped.png" width="3%"/>
                        <a href="#" panel-name="suite-Surefire_suite" title="pagesTest.HomePageTest" class="method navigator-link" hash-for-method="use_of_isDisplayed_test_01">use_of_isDisplayed_test_01</a> <!-- method navigator-link -->
                      </span>
                      <br/>
                      <span>
                        <img src="skipped.png" width="3%"/>
                        <a href="#" panel-name="suite-Surefire_suite" title="pagesTest.HomePageTest" class="method navigator-link" hash-for-method="use_of_isDisplayed_test_02">use_of_isDisplayed_test_02</a> <!-- method navigator-link -->
                      </span>
                      <br/>
                      <span>
                        <img src="skipped.png" width="3%"/>
                        <a href="#" panel-name="suite-Surefire_suite" title="pagesTest.HomePageTest" class="method navigator-link" hash-for-method="use_of_isEnabled_in_login_test">use_of_isEnabled_in_login_test</a> <!-- method navigator-link -->
                      </span>
                      <br/>
                      <span>
                        <img src="skipped.png" width="3%"/>
                        <a href="#" panel-name="suite-Surefire_suite" title="pagesTest.HomePageTest" class="method navigator-link" hash-for-method="use_of_isSelected_in_login">use_of_isSelected_in_login</a> <!-- method navigator-link -->
                      </span>
                      <br/>
                      <span>
                        <img src="skipped.png" width="3%"/>
                        <a href="#" panel-name="suite-Surefire_suite" title="pagesTest.HomePageTest" class="method navigator-link" hash-for-method="use_of_linkText_as_locator_in_forgot_userId_hyperlink_test">use_of_linkText_as_locator_in_forgot_userId_hyperlink_test</a> <!-- method navigator-link -->
                      </span>
                      <br/>
                      <span>
                        <img src="skipped.png" width="3%"/>
                        <a href="#" panel-name="suite-Surefire_suite" title="pagesTest.HomePageTest" class="method navigator-link" hash-for-method="use_of_mouse_hoverAction_on_ourLocations_test">use_of_mouse_hoverAction_on_ourLocations_test</a> <!-- method navigator-link -->
                      </span>
                      <br/>
                      <span>
                        <img src="skipped.png" width="3%"/>
                        <a href="#" panel-name="suite-Surefire_suite" title="pagesTest.HomePageTest" class="method navigator-link" hash-for-method="use_of_navigate_method_test">use_of_navigate_method_test</a> <!-- method navigator-link -->
                      </span>
                      <br/>
                      <span>
                        <img src="skipped.png" width="3%"/>
                        <a href="#" panel-name="suite-Surefire_suite" title="pagesTest.HomePageTest" class="method navigator-link" hash-for-method="use_of_partialLinkText_as_locator_in_forgot_passowrd_hyperlink_test">use_of_partialLinkText_as_locator_in_forgot_passowrd_hyperlink_test</a> <!-- method navigator-link -->
                      </span>
                      <br/>
                      <span>
                        <img src="skipped.png" width="3%"/>
                        <a href="#" panel-name="suite-Surefire_suite" title="pagesTest.HomePageTest" class="method navigator-link" hash-for-method="use_of_right_click_action_test">use_of_right_click_action_test</a> <!-- method navigator-link -->
                      </span>
                      <br/>
                      <span>
                        <img src="skipped.png" width="3%"/>
                        <a href="#" panel-name="suite-Surefire_suite" title="pagesTest.HomePageTest" class="method navigator-link" hash-for-method="use_of_scroll_down_and_scroll_up_by_robot_class">use_of_scroll_down_and_scroll_up_by_robot_class</a> <!-- method navigator-link -->
                      </span>
                      <br/>
                      <span>
                        <img src="skipped.png" width="3%"/>
                        <a href="#" panel-name="suite-Surefire_suite" title="pagesTest.HomePageTest" class="method navigator-link" hash-for-method="use_of_scroll_down_and_up_by_actions_class_Test">use_of_scroll_down_and_up_by_actions_class_Test</a> <!-- method navigator-link -->
                      </span>
                      <br/>
                      <span>
                        <img src="skipped.png" width="3%"/>
                        <a href="#" panel-name="suite-Surefire_suite" title="pagesTest.HomePageTest" class="method navigator-link" hash-for-method="use_of_scroll_down_and_up_by_javascriptExecutor_test">use_of_scroll_down_and_up_by_javascriptExecutor_test</a> <!-- method navigator-link -->
                      </span>
                      <br/>
                      <span>
                        <img src="skipped.png" width="3%"/>
                        <a href="#" panel-name="suite-Surefire_suite" title="pagesTest.HomePageTest" class="method navigator-link" hash-for-method="use_of_sendKeys_method_then_click_by_enter_key_of_the_laptop_test_01">use_of_sendKeys_method_then_click_by_enter_key_of_the_laptop_test_01</a> <!-- method navigator-link -->
                      </span>
                      <br/>
                      <span>
                        <img src="skipped.png" width="3%"/>
                        <a href="#" panel-name="suite-Surefire_suite" title="pagesTest.HomePageTest" class="method navigator-link" hash-for-method="use_of_sendKeys_method_then_click_by_enter_key_of_the_laptop_test_02">use_of_sendKeys_method_then_click_by_enter_key_of_the_laptop_test_02</a> <!-- method navigator-link -->
                      </span>
                      <br/>
                      <span>
                        <img src="skipped.png" width="3%"/>
                        <a href="#" panel-name="suite-Surefire_suite" title="pagesTest.HomePageTest" class="method navigator-link" hash-for-method="use_of_sendKeys_method_then_click_by_return_key_of_the_laptop_test">use_of_sendKeys_method_then_click_by_return_key_of_the_laptop_test</a> <!-- method navigator-link -->
                      </span>
                      <br/>
                      <span>
                        <img src="skipped.png" width="3%"/>
                        <a href="#" panel-name="suite-Surefire_suite" title="pagesTest.HomePageTest" class="method navigator-link" hash-for-method="use_of_sendKeys_method_then_click_by_tab_key_of_the_laptop_test">use_of_sendKeys_method_then_click_by_tab_key_of_the_laptop_test</a> <!-- method navigator-link -->
                      </span>
                      <br/>
                      <span>
                        <img src="skipped.png" width="3%"/>
                        <a href="#" panel-name="suite-Surefire_suite" title="pagesTest.HomePageTest" class="method navigator-link" hash-for-method="use_of_tagName_as_locator_test">use_of_tagName_as_locator_test</a> <!-- method navigator-link -->
                      </span>
                      <br/>
                      <span>
                        <img src="skipped.png" width="3%"/>
                        <a href="#" panel-name="suite-Surefire_suite" title="pagesTest.HomePageTest" class="method navigator-link" hash-for-method="web_based_alert_accept_test">web_based_alert_accept_test</a> <!-- method navigator-link -->
                      </span>
                      <br/>
                      <span>
                        <img src="skipped.png" width="3%"/>
                        <a href="#" panel-name="suite-Surefire_suite" title="pagesTest.HomePageTest" class="method navigator-link" hash-for-method="web_based_alert_dismiss_test">web_based_alert_dismiss_test</a> <!-- method navigator-link -->
                      </span>
                      <br/>
                      <span>
                        <img src="skipped.png" width="3%"/>
                        <a href="#" panel-name="suite-Surefire_suite" title="pagesTest.HomePageTest" class="method navigator-link" hash-for-method="why_we_use_cssSelector_as_locator_in_logo_test">why_we_use_cssSelector_as_locator_in_logo_test</a> <!-- method navigator-link -->
                      </span>
                      <br/>
                    </div> <!-- method-list-content skipped suite-Surefire_suite -->
                  </li>
                  <li>
                    <span class="method-list-title passed">Passed methods</span>
                    <span class="show-or-hide-methods passed">
                      <a href="#" panel-name="suite-Surefire_suite" class="hide-methods passed suite-Surefire_suite"> (hide)</a> <!-- hide-methods passed suite-Surefire_suite -->
                      <a href="#" panel-name="suite-Surefire_suite" class="show-methods passed suite-Surefire_suite"> (show)</a> <!-- show-methods passed suite-Surefire_suite -->
                    </span>
                    <div class="method-list-content passed suite-Surefire_suite">
                      <span>
                        <img src="passed.png" width="3%"/>
                        <a href="#" panel-name="suite-Surefire_suite" title="pagesTest.ForgotUserIdTest" class="method navigator-link" hash-for-method="navigateToForgotUserIdPageTest">navigateToForgotUserIdPageTest</a> <!-- method navigator-link -->
                      </span>
                      <br/>
                      <span>
                        <img src="passed.png" width="3%"/>
                        <a href="#" panel-name="suite-Surefire_suite" title="pagesTest.ForgotUserIdTest" class="method navigator-link" hash-for-method="use_of_dropdown_selectByVisibleText_method_test">use_of_dropdown_selectByVisibleText_method_test</a> <!-- method navigator-link -->
                      </span>
                      <br/>
                      <span>
                        <img src="passed.png" width="3%"/>
                        <a href="#" panel-name="suite-Surefire_suite" title="pagesTest.ForgotUserIdTest" class="method navigator-link" hash-for-method="use_of_dropdown_with_selectByIndex_method_test">use_of_dropdown_with_selectByIndex_method_test</a> <!-- method navigator-link -->
                      </span>
                      <br/>
                      <span>
                        <img src="passed.png" width="3%"/>
                        <a href="#" panel-name="suite-Surefire_suite" title="pagesTest.ForgotUserIdTest" class="method navigator-link" hash-for-method="use_of_dropdown_with_selectByValue_method_test">use_of_dropdown_with_selectByValue_method_test</a> <!-- method navigator-link -->
                      </span>
                      <br/>
                    </div> <!-- method-list-content passed suite-Surefire_suite -->
                  </li>
                </ul>
              </div> <!-- suite-section-content -->
            </div> <!-- result-section -->
          </div> <!-- navigator-suite-content -->
        </div> <!-- rounded-window -->
      </div> <!-- suite -->
    </div> <!-- navigator-root -->
    <div class="wrapper">
      <div class="main-panel-root">
        <div panel-name="suite-Surefire_suite" class="panel Surefire_suite">
          <div class="suite-Surefire_suite-class-failed">
            <div class="main-panel-header rounded-window-top">
              <img src="failed.png"/>
              <span class="class-name">pagesTest.ForgotUserIdTest</span>
            </div> <!-- main-panel-header rounded-window-top -->
            <div class="main-panel-content rounded-window-bottom">
              <div class="method">
                <div class="method-content">
                  <a name="verifyForgotUserIdTest">
                  </a> <!-- verifyForgotUserIdTest -->
                  <span class="method-name">verifyForgotUserIdTest</span>
                  <div class="stack-trace">org.openqa.selenium.NoSuchWindowException: no such window: target window already closed
from unknown error: web view not found
  (Session info: chrome=128.0.6613.138)
Build info: version: &apos;4.22.0&apos;, revision: &apos;c5f3146703*&apos;
System info: os.name: &apos;Mac OS X&apos;, os.arch: &apos;x86_64&apos;, os.version: &apos;12.7&apos;, java.version: &apos;22.0.1&apos;
Driver info: org.openqa.selenium.chrome.ChromeDriver
Command: [bef4ab6db175e018c184efc50a75c6d4, findElement {value=//select[@name=&apos;cms-forgotid-birthDate&apos;], using=xpath}]
Capabilities {acceptInsecureCerts: false, browserName: chrome, browserVersion: 128.0.6613.138, chrome: {chromedriverVersion: 128.0.6613.137 (fe621c5aa2d..., userDataDir: /var/folders/2q/c_mlfcxd4_s...}, fedcm:accounts: true, goog:chromeOptions: {debuggerAddress: localhost:53542}, networkConnectionEnabled: false, pageLoadStrategy: normal, platformName: mac, proxy: Proxy(), se:cdp: ws://localhost:53542/devtoo..., se:cdpVersion: 128.0.6613.138, setWindowRect: true, strictFileInteractability: false, timeouts: {implicit: 0, pageLoad: 300000, script: 30000}, unhandledPromptBehavior: dismiss and notify, webauthn:extension:credBlob: true, webauthn:extension:largeBlob: true, webauthn:extension:minPinLength: true, webauthn:extension:prf: true, webauthn:virtualAuthenticators: true}
Session ID: bef4ab6db175e018c184efc50a75c6d4
	at org.openqa.selenium.remote.ErrorCodec.decode(ErrorCodec.java:167)
	at org.openqa.selenium.remote.codec.w3c.W3CHttpResponseCodec.decode(W3CHttpResponseCodec.java:138)
	at org.openqa.selenium.remote.codec.w3c.W3CHttpResponseCodec.decode(W3CHttpResponseCodec.java:50)
	at org.openqa.selenium.remote.HttpCommandExecutor.execute(HttpCommandExecutor.java:190)
	at org.openqa.selenium.remote.service.DriverCommandExecutor.invokeExecute(DriverCommandExecutor.java:216)
	at org.openqa.selenium.remote.service.DriverCommandExecutor.execute(DriverCommandExecutor.java:174)
	at org.openqa.selenium.remote.RemoteWebDriver.execute(RemoteWebDriver.java:518)
	at org.openqa.selenium.remote.ElementLocation$ElementFinder$2.findElement(ElementLocation.java:165)
	at org.openqa.selenium.remote.ElementLocation.findElement(ElementLocation.java:59)
	at org.openqa.selenium.remote.RemoteWebDriver.findElement(RemoteWebDriver.java:355)
	at org.openqa.selenium.remote.RemoteWebDriver.findElement(RemoteWebDriver.java:349)
	at org.openqa.selenium.support.pagefactory.DefaultElementLocator.findElement(DefaultElementLocator.java:68)
	at org.openqa.selenium.support.pagefactory.internal.LocatingElementHandler.invoke(LocatingElementHandler.java:38)
	at jdk.proxy2/jdk.proxy2.$Proxy15.getTagName(Unknown Source)
	at org.openqa.selenium.support.ui.Select.&lt;init&gt;(Select.java:43)
	at common.CommonActions.selectDropdown(CommonActions.java:188)
	at pages.ForgotUserId.verifyForgotUserId(ForgotUserId.java:109)
	at pagesTest.ForgotUserIdTest.verifyForgotUserIdTest(ForgotUserIdTest.java:40)
	at java.base/java.util.ArrayList.forEach(ArrayList.java:1597)
... Removed 33 stack frames
</div> <!-- stack-trace -->
                </div> <!-- method-content -->
              </div> <!-- method -->
            </div> <!-- main-panel-content rounded-window-bottom -->
          </div> <!-- suite-Surefire_suite-class-failed -->
          <div class="suite-Surefire_suite-class-skipped">
            <div class="main-panel-header rounded-window-top">
              <img src="skipped.png"/>
              <span class="class-name">pagesTest.HomePageTest</span>
            </div> <!-- main-panel-header rounded-window-top -->
            <div class="main-panel-content rounded-window-bottom">
              <div class="method">
                <div class="method-content">
                  <a name="alternate_of_click_method_test">
                  </a> <!-- alternate_of_click_method_test -->
                  <span class="method-name">alternate_of_click_method_test</span>
                  <div class="stack-trace">java.lang.NullPointerException: Cannot invoke &quot;com.aventstack.extentreports.ExtentReports.createTest(String)&quot; because &quot;extentReports&quot; is null
	at reports.TestManager.createTest(TestManager.java:14)
	at baseUtil.BaseClass.initialTest(BaseClass.java:50)
	at java.base/java.util.ArrayList.forEach(ArrayList.java:1597)
... Removed 34 stack frames
</div> <!-- stack-trace -->
                </div> <!-- method-content -->
              </div> <!-- method -->
              <div class="method">
                <div class="method-content">
                  <a name="alternate_of_send_keys_method_test">
                  </a> <!-- alternate_of_send_keys_method_test -->
                  <span class="method-name">alternate_of_send_keys_method_test</span>
                  <div class="stack-trace">java.lang.NullPointerException: Cannot invoke &quot;com.aventstack.extentreports.ExtentReports.createTest(String)&quot; because &quot;extentReports&quot; is null
	at reports.TestManager.createTest(TestManager.java:14)
	at baseUtil.BaseClass.initialTest(BaseClass.java:50)
	at java.base/java.util.ArrayList.forEach(ArrayList.java:1597)
... Removed 34 stack frames
</div> <!-- stack-trace -->
                </div> <!-- method-content -->
              </div> <!-- method -->
              <div class="method">
                <div class="method-content">
                  <a name="authentication_pop_up_test">
                  </a> <!-- authentication_pop_up_test -->
                  <span class="method-name">authentication_pop_up_test</span>
                  <div class="stack-trace">java.lang.NullPointerException: Cannot invoke &quot;com.aventstack.extentreports.ExtentReports.createTest(String)&quot; because &quot;extentReports&quot; is null
	at reports.TestManager.createTest(TestManager.java:14)
	at baseUtil.BaseClass.initialTest(BaseClass.java:50)
	at java.base/java.util.ArrayList.forEach(ArrayList.java:1597)
... Removed 34 stack frames
</div> <!-- stack-trace -->
                </div> <!-- method-content -->
              </div> <!-- method -->
              <div class="method">
                <div class="method-content">
                  <a name="clickLoginButtonTest">
                  </a> <!-- clickLoginButtonTest -->
                  <span class="method-name">clickLoginButtonTest</span>
                  <div class="stack-trace">java.lang.NullPointerException: Cannot invoke &quot;com.aventstack.extentreports.ExtentReports.createTest(String)&quot; because &quot;extentReports&quot; is null
	at reports.TestManager.createTest(TestManager.java:14)
	at baseUtil.BaseClass.initialTest(BaseClass.java:50)
	at java.base/java.util.ArrayList.forEach(ArrayList.java:1597)
... Removed 34 stack frames
</div> <!-- stack-trace -->
                </div> <!-- method-content -->
              </div> <!-- method -->
              <div class="method">
                <div class="method-content">
                  <a name="clickLogoTest">
                  </a> <!-- clickLogoTest -->
                  <span class="method-name">clickLogoTest</span>
                  <div class="stack-trace">java.lang.NullPointerException: Cannot invoke &quot;com.aventstack.extentreports.ExtentReports.createTest(String)&quot; because &quot;extentReports&quot; is null
	at reports.TestManager.createTest(TestManager.java:14)
	at baseUtil.BaseClass.initialTest(BaseClass.java:50)
	at java.base/java.util.ArrayList.forEach(ArrayList.java:1597)
... Removed 34 stack frames
</div> <!-- stack-trace -->
                </div> <!-- method-content -->
              </div> <!-- method -->
              <div class="method">
                <div class="method-content">
                  <a name="clickNewUserRegistrationTest">
                  </a> <!-- clickNewUserRegistrationTest -->
                  <span class="method-name">clickNewUserRegistrationTest</span>
                  <div class="stack-trace">java.lang.NullPointerException: Cannot invoke &quot;com.aventstack.extentreports.ExtentReports.createTest(String)&quot; because &quot;extentReports&quot; is null
	at reports.TestManager.createTest(TestManager.java:14)
	at baseUtil.BaseClass.initialTest(BaseClass.java:50)
	at java.base/java.util.ArrayList.forEach(ArrayList.java:1597)
... Removed 34 stack frames
</div> <!-- stack-trace -->
                </div> <!-- method-content -->
              </div> <!-- method -->
              <div class="method">
                <div class="method-content">
                  <a name="clickPasswordTest">
                  </a> <!-- clickPasswordTest -->
                  <span class="method-name">clickPasswordTest</span>
                  <div class="stack-trace">java.lang.NullPointerException: Cannot invoke &quot;com.aventstack.extentreports.ExtentReports.createTest(String)&quot; because &quot;extentReports&quot; is null
	at reports.TestManager.createTest(TestManager.java:14)
	at baseUtil.BaseClass.initialTest(BaseClass.java:50)
	at java.base/java.util.ArrayList.forEach(ArrayList.java:1597)
... Removed 34 stack frames
</div> <!-- stack-trace -->
                </div> <!-- method-content -->
              </div> <!-- method -->
              <div class="method">
                <div class="method-content">
                  <a name="clickUnlockTest">
                  </a> <!-- clickUnlockTest -->
                  <span class="method-name">clickUnlockTest</span>
                  <div class="stack-trace">java.lang.NullPointerException: Cannot invoke &quot;com.aventstack.extentreports.ExtentReports.createTest(String)&quot; because &quot;extentReports&quot; is null
	at reports.TestManager.createTest(TestManager.java:14)
	at baseUtil.BaseClass.initialTest(BaseClass.java:50)
	at java.base/java.util.ArrayList.forEach(ArrayList.java:1597)
... Removed 34 stack frames
</div> <!-- stack-trace -->
                </div> <!-- method-content -->
              </div> <!-- method -->
              <div class="method">
                <div class="method-content">
                  <a name="clickUserIdTest">
                  </a> <!-- clickUserIdTest -->
                  <span class="method-name">clickUserIdTest</span>
                  <div class="stack-trace">java.lang.NullPointerException: Cannot invoke &quot;com.aventstack.extentreports.ExtentReports.createTest(String)&quot; because &quot;extentReports&quot; is null
	at reports.TestManager.createTest(TestManager.java:14)
	at baseUtil.BaseClass.initialTest(BaseClass.java:50)
	at java.base/java.util.ArrayList.forEach(ArrayList.java:1597)
... Removed 34 stack frames
</div> <!-- stack-trace -->
                </div> <!-- method-content -->
              </div> <!-- method -->
              <div class="method">
                <div class="method-content">
                  <a name="getMethodsOfThePageTest">
                  </a> <!-- getMethodsOfThePageTest -->
                  <span class="method-name">getMethodsOfThePageTest</span>
                  <div class="stack-trace">java.lang.NullPointerException: Cannot invoke &quot;com.aventstack.extentreports.ExtentReports.createTest(String)&quot; because &quot;extentReports&quot; is null
	at reports.TestManager.createTest(TestManager.java:14)
	at baseUtil.BaseClass.initialTest(BaseClass.java:50)
	at java.base/java.util.ArrayList.forEach(ArrayList.java:1597)
... Removed 34 stack frames
</div> <!-- stack-trace -->
                </div> <!-- method-content -->
              </div> <!-- method -->
              <div class="method">
                <div class="method-content">
                  <a name="how_to_handle_hidden_element_by_javascriptExecutor_test">
                  </a> <!-- how_to_handle_hidden_element_by_javascriptExecutor_test -->
                  <span class="method-name">how_to_handle_hidden_element_by_javascriptExecutor_test</span>
                  <div class="stack-trace">java.lang.NullPointerException: Cannot invoke &quot;com.aventstack.extentreports.ExtentReports.createTest(String)&quot; because &quot;extentReports&quot; is null
	at reports.TestManager.createTest(TestManager.java:14)
	at baseUtil.BaseClass.initialTest(BaseClass.java:50)
	at java.base/java.util.ArrayList.forEach(ArrayList.java:1597)
... Removed 34 stack frames
</div> <!-- stack-trace -->
                </div> <!-- method-content -->
              </div> <!-- method -->
              <div class="method">
                <div class="method-content">
                  <a name="how_to_handle_hidden_element_by_regular_selenium_method_test">
                  </a> <!-- how_to_handle_hidden_element_by_regular_selenium_method_test -->
                  <span class="method-name">how_to_handle_hidden_element_by_regular_selenium_method_test</span>
                  <div class="stack-trace">java.lang.NullPointerException: Cannot invoke &quot;com.aventstack.extentreports.ExtentReports.createTest(String)&quot; because &quot;extentReports&quot; is null
	at reports.TestManager.createTest(TestManager.java:14)
	at baseUtil.BaseClass.initialTest(BaseClass.java:50)
	at java.base/java.util.ArrayList.forEach(ArrayList.java:1597)
... Removed 34 stack frames
</div> <!-- stack-trace -->
                </div> <!-- method-content -->
              </div> <!-- method -->
              <div class="method">
                <div class="method-content">
                  <a name="implicitlyWaitTest">
                  </a> <!-- implicitlyWaitTest -->
                  <span class="method-name">implicitlyWaitTest</span>
                  <div class="stack-trace">java.lang.NullPointerException: Cannot invoke &quot;com.aventstack.extentreports.ExtentReports.createTest(String)&quot; because &quot;extentReports&quot; is null
	at reports.TestManager.createTest(TestManager.java:14)
	at baseUtil.BaseClass.initialTest(BaseClass.java:50)
	at java.base/java.util.ArrayList.forEach(ArrayList.java:1597)
... Removed 34 stack frames
</div> <!-- stack-trace -->
                </div> <!-- method-content -->
              </div> <!-- method -->
              <div class="method">
                <div class="method-content">
                  <a name="inputTextInUserIdAndPasswordFieldThenIAgreeAndClickToTheLoginButtonTest">
                  </a> <!-- inputTextInUserIdAndPasswordFieldThenIAgreeAndClickToTheLoginButtonTest -->
                  <span class="method-name">inputTextInUserIdAndPasswordFieldThenIAgreeAndClickToTheLoginButtonTest</span>
                  <div class="stack-trace">java.lang.NullPointerException: Cannot invoke &quot;com.aventstack.extentreports.ExtentReports.createTest(String)&quot; because &quot;extentReports&quot; is null
	at reports.TestManager.createTest(TestManager.java:14)
	at baseUtil.BaseClass.initialTest(BaseClass.java:50)
	at java.base/java.util.ArrayList.forEach(ArrayList.java:1597)
... Removed 34 stack frames
</div> <!-- stack-trace -->
                </div> <!-- method-content -->
              </div> <!-- method -->
              <div class="method">
                <div class="method-content">
                  <a name="inputTextInUserIdFieldTest">
                  </a> <!-- inputTextInUserIdFieldTest -->
                  <span class="method-name">inputTextInUserIdFieldTest</span>
                  <div class="stack-trace">java.lang.NullPointerException: Cannot invoke &quot;com.aventstack.extentreports.ExtentReports.createTest(String)&quot; because &quot;extentReports&quot; is null
	at reports.TestManager.createTest(TestManager.java:14)
	at baseUtil.BaseClass.initialTest(BaseClass.java:50)
	at java.base/java.util.ArrayList.forEach(ArrayList.java:1597)
... Removed 34 stack frames
</div> <!-- stack-trace -->
                </div> <!-- method-content -->
              </div> <!-- method -->
              <div class="method">
                <div class="method-content">
                  <a name="login_process_by_JavascriptExecutor_common_method_test">
                  </a> <!-- login_process_by_JavascriptExecutor_common_method_test -->
                  <span class="method-name">login_process_by_JavascriptExecutor_common_method_test</span>
                  <div class="stack-trace">java.lang.NullPointerException: Cannot invoke &quot;com.aventstack.extentreports.ExtentReports.createTest(String)&quot; because &quot;extentReports&quot; is null
	at reports.TestManager.createTest(TestManager.java:14)
	at baseUtil.BaseClass.initialTest(BaseClass.java:50)
	at java.base/java.util.ArrayList.forEach(ArrayList.java:1597)
... Removed 34 stack frames
</div> <!-- stack-trace -->
                </div> <!-- method-content -->
              </div> <!-- method -->
              <div class="method">
                <div class="method-content">
                  <a name="login_process_by_JavascriptExecutor_test">
                  </a> <!-- login_process_by_JavascriptExecutor_test -->
                  <span class="method-name">login_process_by_JavascriptExecutor_test</span>
                  <div class="stack-trace">java.lang.NullPointerException: Cannot invoke &quot;com.aventstack.extentreports.ExtentReports.createTest(String)&quot; because &quot;extentReports&quot; is null
	at reports.TestManager.createTest(TestManager.java:14)
	at baseUtil.BaseClass.initialTest(BaseClass.java:50)
	at java.base/java.util.ArrayList.forEach(ArrayList.java:1597)
... Removed 34 stack frames
</div> <!-- stack-trace -->
                </div> <!-- method-content -->
              </div> <!-- method -->
              <div class="method">
                <div class="method-content">
                  <a name="newUserRegistrationPageValidationTest">
                  </a> <!-- newUserRegistrationPageValidationTest -->
                  <span class="method-name">newUserRegistrationPageValidationTest</span>
                  <div class="stack-trace">java.lang.NullPointerException: Cannot invoke &quot;com.aventstack.extentreports.ExtentReports.createTest(String)&quot; because &quot;extentReports&quot; is null
	at reports.TestManager.createTest(TestManager.java:14)
	at baseUtil.BaseClass.initialTest(BaseClass.java:50)
	at java.base/java.util.ArrayList.forEach(ArrayList.java:1597)
... Removed 34 stack frames
</div> <!-- stack-trace -->
                </div> <!-- method-content -->
              </div> <!-- method -->
              <div class="method">
                <div class="method-content">
                  <a name="nullPointerExceptionTest">
                  </a> <!-- nullPointerExceptionTest -->
                  <span class="method-name">nullPointerExceptionTest</span>
                  <div class="stack-trace">java.lang.NullPointerException: Cannot invoke &quot;com.aventstack.extentreports.ExtentReports.createTest(String)&quot; because &quot;extentReports&quot; is null
	at reports.TestManager.createTest(TestManager.java:14)
	at baseUtil.BaseClass.initialTest(BaseClass.java:50)
	at java.base/java.util.ArrayList.forEach(ArrayList.java:1597)
... Removed 34 stack frames
</div> <!-- stack-trace -->
                </div> <!-- method-content -->
              </div> <!-- method -->
              <div class="method">
                <div class="method-content">
                  <a name="role1_use_of_cssSelector_by_class_name_value_test">
                  </a> <!-- role1_use_of_cssSelector_by_class_name_value_test -->
                  <span class="method-name">role1_use_of_cssSelector_by_class_name_value_test</span>
                  <div class="stack-trace">java.lang.NullPointerException: Cannot invoke &quot;com.aventstack.extentreports.ExtentReports.createTest(String)&quot; because &quot;extentReports&quot; is null
	at reports.TestManager.createTest(TestManager.java:14)
	at baseUtil.BaseClass.initialTest(BaseClass.java:50)
	at java.base/java.util.ArrayList.forEach(ArrayList.java:1597)
... Removed 34 stack frames
</div> <!-- stack-trace -->
                </div> <!-- method-content -->
              </div> <!-- method -->
              <div class="method">
                <div class="method-content">
                  <a name="role2_use_of_cssSelector_by_id_value_test">
                  </a> <!-- role2_use_of_cssSelector_by_id_value_test -->
                  <span class="method-name">role2_use_of_cssSelector_by_id_value_test</span>
                  <div class="stack-trace">java.lang.NullPointerException: Cannot invoke &quot;com.aventstack.extentreports.ExtentReports.createTest(String)&quot; because &quot;extentReports&quot; is null
	at reports.TestManager.createTest(TestManager.java:14)
	at baseUtil.BaseClass.initialTest(BaseClass.java:50)
	at java.base/java.util.ArrayList.forEach(ArrayList.java:1597)
... Removed 34 stack frames
</div> <!-- stack-trace -->
                </div> <!-- method-content -->
              </div> <!-- method -->
              <div class="method">
                <div class="method-content">
                  <a name="role3_use_of_cssSelector_by_compund_class_name_value_test">
                  </a> <!-- role3_use_of_cssSelector_by_compund_class_name_value_test -->
                  <span class="method-name">role3_use_of_cssSelector_by_compund_class_name_value_test</span>
                  <div class="stack-trace">java.lang.NullPointerException: Cannot invoke &quot;com.aventstack.extentreports.ExtentReports.createTest(String)&quot; because &quot;extentReports&quot; is null
	at reports.TestManager.createTest(TestManager.java:14)
	at baseUtil.BaseClass.initialTest(BaseClass.java:50)
	at java.base/java.util.ArrayList.forEach(ArrayList.java:1597)
... Removed 34 stack frames
</div> <!-- stack-trace -->
                </div> <!-- method-content -->
              </div> <!-- method -->
              <div class="method">
                <div class="method-content">
                  <a name="role4_use_of_cssSelector_by_attribute_and_its_value_test">
                  </a> <!-- role4_use_of_cssSelector_by_attribute_and_its_value_test -->
                  <span class="method-name">role4_use_of_cssSelector_by_attribute_and_its_value_test</span>
                  <div class="stack-trace">java.lang.NullPointerException: Cannot invoke &quot;com.aventstack.extentreports.ExtentReports.createTest(String)&quot; because &quot;extentReports&quot; is null
	at reports.TestManager.createTest(TestManager.java:14)
	at baseUtil.BaseClass.initialTest(BaseClass.java:50)
	at java.base/java.util.ArrayList.forEach(ArrayList.java:1597)
... Removed 34 stack frames
</div> <!-- stack-trace -->
                </div> <!-- method-content -->
              </div> <!-- method -->
              <div class="method">
                <div class="method-content">
                  <a name="role5_use_of_cssSelector_by_class_name_value_and_attribute_and_its_value_test">
                  </a> <!-- role5_use_of_cssSelector_by_class_name_value_and_attribute_and_its_value_test -->
                  <span class="method-name">role5_use_of_cssSelector_by_class_name_value_and_attribute_and_its_value_test</span>
                  <div class="stack-trace">java.lang.NullPointerException: Cannot invoke &quot;com.aventstack.extentreports.ExtentReports.createTest(String)&quot; because &quot;extentReports&quot; is null
	at reports.TestManager.createTest(TestManager.java:14)
	at baseUtil.BaseClass.initialTest(BaseClass.java:50)
	at java.base/java.util.ArrayList.forEach(ArrayList.java:1597)
... Removed 34 stack frames
</div> <!-- stack-trace -->
                </div> <!-- method-content -->
              </div> <!-- method -->
              <div class="method">
                <div class="method-content">
                  <a name="role6_use_of_cssSelector_by_id_value_and_attribute_and_its_value_test">
                  </a> <!-- role6_use_of_cssSelector_by_id_value_and_attribute_and_its_value_test -->
                  <span class="method-name">role6_use_of_cssSelector_by_id_value_and_attribute_and_its_value_test</span>
                  <div class="stack-trace">java.lang.NullPointerException: Cannot invoke &quot;com.aventstack.extentreports.ExtentReports.createTest(String)&quot; because &quot;extentReports&quot; is null
	at reports.TestManager.createTest(TestManager.java:14)
	at baseUtil.BaseClass.initialTest(BaseClass.java:50)
	at java.base/java.util.ArrayList.forEach(ArrayList.java:1597)
... Removed 34 stack frames
</div> <!-- stack-trace -->
                </div> <!-- method-content -->
              </div> <!-- method -->
              <div class="method">
                <div class="method-content">
                  <a name="scroll_into_view_the_element_by_commonActions_test">
                  </a> <!-- scroll_into_view_the_element_by_commonActions_test -->
                  <span class="method-name">scroll_into_view_the_element_by_commonActions_test</span>
                  <div class="stack-trace">java.lang.NullPointerException: Cannot invoke &quot;com.aventstack.extentreports.ExtentReports.createTest(String)&quot; because &quot;extentReports&quot; is null
	at reports.TestManager.createTest(TestManager.java:14)
	at baseUtil.BaseClass.initialTest(BaseClass.java:50)
	at java.base/java.util.ArrayList.forEach(ArrayList.java:1597)
... Removed 34 stack frames
</div> <!-- stack-trace -->
                </div> <!-- method-content -->
              </div> <!-- method -->
              <div class="method">
                <div class="method-content">
                  <a name="scroll_into_view_the_element_test">
                  </a> <!-- scroll_into_view_the_element_test -->
                  <span class="method-name">scroll_into_view_the_element_test</span>
                  <div class="stack-trace">java.lang.NullPointerException: Cannot invoke &quot;com.aventstack.extentreports.ExtentReports.createTest(String)&quot; because &quot;extentReports&quot; is null
	at reports.TestManager.createTest(TestManager.java:14)
	at baseUtil.BaseClass.initialTest(BaseClass.java:50)
	at java.base/java.util.ArrayList.forEach(ArrayList.java:1597)
... Removed 34 stack frames
</div> <!-- stack-trace -->
                </div> <!-- method-content -->
              </div> <!-- method -->
              <div class="method">
                <div class="method-content">
                  <a name="switch_between_window_test">
                  </a> <!-- switch_between_window_test -->
                  <span class="method-name">switch_between_window_test</span>
                  <div class="stack-trace">java.lang.NullPointerException: Cannot invoke &quot;com.aventstack.extentreports.ExtentReports.createTest(String)&quot; because &quot;extentReports&quot; is null
	at reports.TestManager.createTest(TestManager.java:14)
	at baseUtil.BaseClass.initialTest(BaseClass.java:50)
	at java.base/java.util.ArrayList.forEach(ArrayList.java:1597)
... Removed 34 stack frames
</div> <!-- stack-trace -->
                </div> <!-- method-content -->
              </div> <!-- method -->
              <div class="method">
                <div class="method-content">
                  <a name="useOfByClassInLoginProcessTest">
                  </a> <!-- useOfByClassInLoginProcessTest -->
                  <span class="method-name">useOfByClassInLoginProcessTest</span>
                  <div class="stack-trace">java.lang.NullPointerException: Cannot invoke &quot;com.aventstack.extentreports.ExtentReports.createTest(String)&quot; because &quot;extentReports&quot; is null
	at reports.TestManager.createTest(TestManager.java:14)
	at baseUtil.BaseClass.initialTest(BaseClass.java:50)
	at java.base/java.util.ArrayList.forEach(ArrayList.java:1597)
... Removed 34 stack frames
</div> <!-- stack-trace -->
                </div> <!-- method-content -->
              </div> <!-- method -->
              <div class="method">
                <div class="method-content">
                  <a name="use_of_clear_in_login_test">
                  </a> <!-- use_of_clear_in_login_test -->
                  <span class="method-name">use_of_clear_in_login_test</span>
                  <div class="stack-trace">java.lang.NullPointerException: Cannot invoke &quot;com.aventstack.extentreports.ExtentReports.createTest(String)&quot; because &quot;extentReports&quot; is null
	at reports.TestManager.createTest(TestManager.java:14)
	at baseUtil.BaseClass.initialTest(BaseClass.java:50)
	at java.base/java.util.ArrayList.forEach(ArrayList.java:1597)
... Removed 34 stack frames
</div> <!-- stack-trace -->
                </div> <!-- method-content -->
              </div> <!-- method -->
              <div class="method">
                <div class="method-content">
                  <a name="use_of_double_click_action_test">
                  </a> <!-- use_of_double_click_action_test -->
                  <span class="method-name">use_of_double_click_action_test</span>
                  <div class="stack-trace">java.lang.NullPointerException: Cannot invoke &quot;com.aventstack.extentreports.ExtentReports.createTest(String)&quot; because &quot;extentReports&quot; is null
	at reports.TestManager.createTest(TestManager.java:14)
	at baseUtil.BaseClass.initialTest(BaseClass.java:50)
	at java.base/java.util.ArrayList.forEach(ArrayList.java:1597)
... Removed 34 stack frames
</div> <!-- stack-trace -->
                </div> <!-- method-content -->
              </div> <!-- method -->
              <div class="method">
                <div class="method-content">
                  <a name="use_of_explicitly_wait_01_test">
                  </a> <!-- use_of_explicitly_wait_01_test -->
                  <span class="method-name">use_of_explicitly_wait_01_test</span>
                  <div class="stack-trace">java.lang.NullPointerException: Cannot invoke &quot;com.aventstack.extentreports.ExtentReports.createTest(String)&quot; because &quot;extentReports&quot; is null
	at reports.TestManager.createTest(TestManager.java:14)
	at baseUtil.BaseClass.initialTest(BaseClass.java:50)
	at java.base/java.util.ArrayList.forEach(ArrayList.java:1597)
... Removed 34 stack frames
</div> <!-- stack-trace -->
                </div> <!-- method-content -->
              </div> <!-- method -->
              <div class="method">
                <div class="method-content">
                  <a name="use_of_explicitly_wait_02_test">
                  </a> <!-- use_of_explicitly_wait_02_test -->
                  <span class="method-name">use_of_explicitly_wait_02_test</span>
                  <div class="stack-trace">java.lang.NullPointerException: Cannot invoke &quot;com.aventstack.extentreports.ExtentReports.createTest(String)&quot; because &quot;extentReports&quot; is null
	at reports.TestManager.createTest(TestManager.java:14)
	at baseUtil.BaseClass.initialTest(BaseClass.java:50)
	at java.base/java.util.ArrayList.forEach(ArrayList.java:1597)
... Removed 34 stack frames
</div> <!-- stack-trace -->
                </div> <!-- method-content -->
              </div> <!-- method -->
              <div class="method">
                <div class="method-content">
                  <a name="use_of_explicitly_wait_03_test">
                  </a> <!-- use_of_explicitly_wait_03_test -->
                  <span class="method-name">use_of_explicitly_wait_03_test</span>
                  <div class="stack-trace">java.lang.NullPointerException: Cannot invoke &quot;com.aventstack.extentreports.ExtentReports.createTest(String)&quot; because &quot;extentReports&quot; is null
	at reports.TestManager.createTest(TestManager.java:14)
	at baseUtil.BaseClass.initialTest(BaseClass.java:50)
	at java.base/java.util.ArrayList.forEach(ArrayList.java:1597)
... Removed 34 stack frames
</div> <!-- stack-trace -->
                </div> <!-- method-content -->
              </div> <!-- method -->
              <div class="method">
                <div class="method-content">
                  <a name="use_of_explicitly_wait_04_test">
                  </a> <!-- use_of_explicitly_wait_04_test -->
                  <span class="method-name">use_of_explicitly_wait_04_test</span>
                  <div class="stack-trace">java.lang.NullPointerException: Cannot invoke &quot;com.aventstack.extentreports.ExtentReports.createTest(String)&quot; because &quot;extentReports&quot; is null
	at reports.TestManager.createTest(TestManager.java:14)
	at baseUtil.BaseClass.initialTest(BaseClass.java:50)
	at java.base/java.util.ArrayList.forEach(ArrayList.java:1597)
... Removed 34 stack frames
</div> <!-- stack-trace -->
                </div> <!-- method-content -->
              </div> <!-- method -->
              <div class="method">
                <div class="method-content">
                  <a name="use_of_explicitly_wait_05_test">
                  </a> <!-- use_of_explicitly_wait_05_test -->
                  <span class="method-name">use_of_explicitly_wait_05_test</span>
                  <div class="stack-trace">java.lang.NullPointerException: Cannot invoke &quot;com.aventstack.extentreports.ExtentReports.createTest(String)&quot; because &quot;extentReports&quot; is null
	at reports.TestManager.createTest(TestManager.java:14)
	at baseUtil.BaseClass.initialTest(BaseClass.java:50)
	at java.base/java.util.ArrayList.forEach(ArrayList.java:1597)
... Removed 34 stack frames
</div> <!-- stack-trace -->
                </div> <!-- method-content -->
              </div> <!-- method -->
              <div class="method">
                <div class="method-content">
                  <a name="use_of_explicitly_wait_from_common_waits_test">
                  </a> <!-- use_of_explicitly_wait_from_common_waits_test -->
                  <span class="method-name">use_of_explicitly_wait_from_common_waits_test</span>
                  <div class="stack-trace">java.lang.NullPointerException: Cannot invoke &quot;com.aventstack.extentreports.ExtentReports.createTest(String)&quot; because &quot;extentReports&quot; is null
	at reports.TestManager.createTest(TestManager.java:14)
	at baseUtil.BaseClass.initialTest(BaseClass.java:50)
	at java.base/java.util.ArrayList.forEach(ArrayList.java:1597)
... Removed 34 stack frames
</div> <!-- stack-trace -->
                </div> <!-- method-content -->
              </div> <!-- method -->
              <div class="method">
                <div class="method-content">
                  <a name="use_of_getAttribute_by_common_method_test">
                  </a> <!-- use_of_getAttribute_by_common_method_test -->
                  <span class="method-name">use_of_getAttribute_by_common_method_test</span>
                  <div class="stack-trace">java.lang.NullPointerException: Cannot invoke &quot;com.aventstack.extentreports.ExtentReports.createTest(String)&quot; because &quot;extentReports&quot; is null
	at reports.TestManager.createTest(TestManager.java:14)
	at baseUtil.BaseClass.initialTest(BaseClass.java:50)
	at java.base/java.util.ArrayList.forEach(ArrayList.java:1597)
... Removed 34 stack frames
</div> <!-- stack-trace -->
                </div> <!-- method-content -->
              </div> <!-- method -->
              <div class="method">
                <div class="method-content">
                  <a name="use_of_getAttribute_method_Test">
                  </a> <!-- use_of_getAttribute_method_Test -->
                  <span class="method-name">use_of_getAttribute_method_Test</span>
                  <div class="stack-trace">java.lang.NullPointerException: Cannot invoke &quot;com.aventstack.extentreports.ExtentReports.createTest(String)&quot; because &quot;extentReports&quot; is null
	at reports.TestManager.createTest(TestManager.java:14)
	at baseUtil.BaseClass.initialTest(BaseClass.java:50)
	at java.base/java.util.ArrayList.forEach(ArrayList.java:1597)
... Removed 34 stack frames
</div> <!-- stack-trace -->
                </div> <!-- method-content -->
              </div> <!-- method -->
              <div class="method">
                <div class="method-content">
                  <a name="use_of_isDisplayed_in_login_test">
                  </a> <!-- use_of_isDisplayed_in_login_test -->
                  <span class="method-name">use_of_isDisplayed_in_login_test</span>
                  <div class="stack-trace">java.lang.NullPointerException: Cannot invoke &quot;com.aventstack.extentreports.ExtentReports.createTest(String)&quot; because &quot;extentReports&quot; is null
	at reports.TestManager.createTest(TestManager.java:14)
	at baseUtil.BaseClass.initialTest(BaseClass.java:50)
	at java.base/java.util.ArrayList.forEach(ArrayList.java:1597)
... Removed 34 stack frames
</div> <!-- stack-trace -->
                </div> <!-- method-content -->
              </div> <!-- method -->
              <div class="method">
                <div class="method-content">
                  <a name="use_of_isDisplayed_test_01">
                  </a> <!-- use_of_isDisplayed_test_01 -->
                  <span class="method-name">use_of_isDisplayed_test_01</span>
                  <div class="stack-trace">java.lang.NullPointerException: Cannot invoke &quot;com.aventstack.extentreports.ExtentReports.createTest(String)&quot; because &quot;extentReports&quot; is null
	at reports.TestManager.createTest(TestManager.java:14)
	at baseUtil.BaseClass.initialTest(BaseClass.java:50)
	at java.base/java.util.ArrayList.forEach(ArrayList.java:1597)
... Removed 34 stack frames
</div> <!-- stack-trace -->
                </div> <!-- method-content -->
              </div> <!-- method -->
              <div class="method">
                <div class="method-content">
                  <a name="use_of_isDisplayed_test_02">
                  </a> <!-- use_of_isDisplayed_test_02 -->
                  <span class="method-name">use_of_isDisplayed_test_02</span>
                  <div class="stack-trace">java.lang.NullPointerException: Cannot invoke &quot;com.aventstack.extentreports.ExtentReports.createTest(String)&quot; because &quot;extentReports&quot; is null
	at reports.TestManager.createTest(TestManager.java:14)
	at baseUtil.BaseClass.initialTest(BaseClass.java:50)
	at java.base/java.util.ArrayList.forEach(ArrayList.java:1597)
... Removed 34 stack frames
</div> <!-- stack-trace -->
                </div> <!-- method-content -->
              </div> <!-- method -->
              <div class="method">
                <div class="method-content">
                  <a name="use_of_isEnabled_in_login_test">
                  </a> <!-- use_of_isEnabled_in_login_test -->
                  <span class="method-name">use_of_isEnabled_in_login_test</span>
                  <div class="stack-trace">java.lang.NullPointerException: Cannot invoke &quot;com.aventstack.extentreports.ExtentReports.createTest(String)&quot; because &quot;extentReports&quot; is null
	at reports.TestManager.createTest(TestManager.java:14)
	at baseUtil.BaseClass.initialTest(BaseClass.java:50)
	at java.base/java.util.ArrayList.forEach(ArrayList.java:1597)
... Removed 34 stack frames
</div> <!-- stack-trace -->
                </div> <!-- method-content -->
              </div> <!-- method -->
              <div class="method">
                <div class="method-content">
                  <a name="use_of_isSelected_in_login">
                  </a> <!-- use_of_isSelected_in_login -->
                  <span class="method-name">use_of_isSelected_in_login</span>
                  <div class="stack-trace">java.lang.NullPointerException: Cannot invoke &quot;com.aventstack.extentreports.ExtentReports.createTest(String)&quot; because &quot;extentReports&quot; is null
	at reports.TestManager.createTest(TestManager.java:14)
	at baseUtil.BaseClass.initialTest(BaseClass.java:50)
	at java.base/java.util.ArrayList.forEach(ArrayList.java:1597)
... Removed 34 stack frames
</div> <!-- stack-trace -->
                </div> <!-- method-content -->
              </div> <!-- method -->
              <div class="method">
                <div class="method-content">
                  <a name="use_of_linkText_as_locator_in_forgot_userId_hyperlink_test">
                  </a> <!-- use_of_linkText_as_locator_in_forgot_userId_hyperlink_test -->
                  <span class="method-name">use_of_linkText_as_locator_in_forgot_userId_hyperlink_test</span>
                  <div class="stack-trace">java.lang.NullPointerException: Cannot invoke &quot;com.aventstack.extentreports.ExtentReports.createTest(String)&quot; because &quot;extentReports&quot; is null
	at reports.TestManager.createTest(TestManager.java:14)
	at baseUtil.BaseClass.initialTest(BaseClass.java:50)
	at java.base/java.util.ArrayList.forEach(ArrayList.java:1597)
... Removed 34 stack frames
</div> <!-- stack-trace -->
                </div> <!-- method-content -->
              </div> <!-- method -->
              <div class="method">
                <div class="method-content">
                  <a name="use_of_mouse_hoverAction_on_ourLocations_test">
                  </a> <!-- use_of_mouse_hoverAction_on_ourLocations_test -->
                  <span class="method-name">use_of_mouse_hoverAction_on_ourLocations_test</span>
                  <div class="stack-trace">java.lang.NullPointerException: Cannot invoke &quot;com.aventstack.extentreports.ExtentReports.createTest(String)&quot; because &quot;extentReports&quot; is null
	at reports.TestManager.createTest(TestManager.java:14)
	at baseUtil.BaseClass.initialTest(BaseClass.java:50)
	at java.base/java.util.ArrayList.forEach(ArrayList.java:1597)
... Removed 34 stack frames
</div> <!-- stack-trace -->
                </div> <!-- method-content -->
              </div> <!-- method -->
              <div class="method">
                <div class="method-content">
                  <a name="use_of_navigate_method_test">
                  </a> <!-- use_of_navigate_method_test -->
                  <span class="method-name">use_of_navigate_method_test</span>
                  <div class="stack-trace">java.lang.NullPointerException: Cannot invoke &quot;com.aventstack.extentreports.ExtentReports.createTest(String)&quot; because &quot;extentReports&quot; is null
	at reports.TestManager.createTest(TestManager.java:14)
	at baseUtil.BaseClass.initialTest(BaseClass.java:50)
	at java.base/java.util.ArrayList.forEach(ArrayList.java:1597)
... Removed 34 stack frames
</div> <!-- stack-trace -->
                </div> <!-- method-content -->
              </div> <!-- method -->
              <div class="method">
                <div class="method-content">
                  <a name="use_of_partialLinkText_as_locator_in_forgot_passowrd_hyperlink_test">
                  </a> <!-- use_of_partialLinkText_as_locator_in_forgot_passowrd_hyperlink_test -->
                  <span class="method-name">use_of_partialLinkText_as_locator_in_forgot_passowrd_hyperlink_test</span>
                  <div class="stack-trace">java.lang.NullPointerException: Cannot invoke &quot;com.aventstack.extentreports.ExtentReports.createTest(String)&quot; because &quot;extentReports&quot; is null
	at reports.TestManager.createTest(TestManager.java:14)
	at baseUtil.BaseClass.initialTest(BaseClass.java:50)
	at java.base/java.util.ArrayList.forEach(ArrayList.java:1597)
... Removed 34 stack frames
</div> <!-- stack-trace -->
                </div> <!-- method-content -->
              </div> <!-- method -->
              <div class="method">
                <div class="method-content">
                  <a name="use_of_right_click_action_test">
                  </a> <!-- use_of_right_click_action_test -->
                  <span class="method-name">use_of_right_click_action_test</span>
                  <div class="stack-trace">java.lang.NullPointerException: Cannot invoke &quot;com.aventstack.extentreports.ExtentReports.createTest(String)&quot; because &quot;extentReports&quot; is null
	at reports.TestManager.createTest(TestManager.java:14)
	at baseUtil.BaseClass.initialTest(BaseClass.java:50)
	at java.base/java.util.ArrayList.forEach(ArrayList.java:1597)
... Removed 34 stack frames
</div> <!-- stack-trace -->
                </div> <!-- method-content -->
              </div> <!-- method -->
              <div class="method">
                <div class="method-content">
                  <a name="use_of_scroll_down_and_scroll_up_by_robot_class">
                  </a> <!-- use_of_scroll_down_and_scroll_up_by_robot_class -->
                  <span class="method-name">use_of_scroll_down_and_scroll_up_by_robot_class</span>
                  <div class="stack-trace">java.lang.NullPointerException: Cannot invoke &quot;com.aventstack.extentreports.ExtentReports.createTest(String)&quot; because &quot;extentReports&quot; is null
	at reports.TestManager.createTest(TestManager.java:14)
	at baseUtil.BaseClass.initialTest(BaseClass.java:50)
	at java.base/java.util.ArrayList.forEach(ArrayList.java:1597)
... Removed 34 stack frames
</div> <!-- stack-trace -->
                </div> <!-- method-content -->
              </div> <!-- method -->
              <div class="method">
                <div class="method-content">
                  <a name="use_of_scroll_down_and_up_by_actions_class_Test">
                  </a> <!-- use_of_scroll_down_and_up_by_actions_class_Test -->
                  <span class="method-name">use_of_scroll_down_and_up_by_actions_class_Test</span>
                  <div class="stack-trace">java.lang.NullPointerException: Cannot invoke &quot;com.aventstack.extentreports.ExtentReports.createTest(String)&quot; because &quot;extentReports&quot; is null
	at reports.TestManager.createTest(TestManager.java:14)
	at baseUtil.BaseClass.initialTest(BaseClass.java:50)
	at java.base/java.util.ArrayList.forEach(ArrayList.java:1597)
... Removed 34 stack frames
</div> <!-- stack-trace -->
                </div> <!-- method-content -->
              </div> <!-- method -->
              <div class="method">
                <div class="method-content">
                  <a name="use_of_scroll_down_and_up_by_javascriptExecutor_test">
                  </a> <!-- use_of_scroll_down_and_up_by_javascriptExecutor_test -->
                  <span class="method-name">use_of_scroll_down_and_up_by_javascriptExecutor_test</span>
                  <div class="stack-trace">java.lang.NullPointerException: Cannot invoke &quot;com.aventstack.extentreports.ExtentReports.createTest(String)&quot; because &quot;extentReports&quot; is null
	at reports.TestManager.createTest(TestManager.java:14)
	at baseUtil.BaseClass.initialTest(BaseClass.java:50)
	at java.base/java.util.ArrayList.forEach(ArrayList.java:1597)
... Removed 34 stack frames
</div> <!-- stack-trace -->
                </div> <!-- method-content -->
              </div> <!-- method -->
              <div class="method">
                <div class="method-content">
                  <a name="use_of_sendKeys_method_then_click_by_enter_key_of_the_laptop_test_01">
                  </a> <!-- use_of_sendKeys_method_then_click_by_enter_key_of_the_laptop_test_01 -->
                  <span class="method-name">use_of_sendKeys_method_then_click_by_enter_key_of_the_laptop_test_01</span>
                  <div class="stack-trace">java.lang.NullPointerException: Cannot invoke &quot;com.aventstack.extentreports.ExtentReports.createTest(String)&quot; because &quot;extentReports&quot; is null
	at reports.TestManager.createTest(TestManager.java:14)
	at baseUtil.BaseClass.initialTest(BaseClass.java:50)
	at java.base/java.util.ArrayList.forEach(ArrayList.java:1597)
... Removed 34 stack frames
</div> <!-- stack-trace -->
                </div> <!-- method-content -->
              </div> <!-- method -->
              <div class="method">
                <div class="method-content">
                  <a name="use_of_sendKeys_method_then_click_by_enter_key_of_the_laptop_test_02">
                  </a> <!-- use_of_sendKeys_method_then_click_by_enter_key_of_the_laptop_test_02 -->
                  <span class="method-name">use_of_sendKeys_method_then_click_by_enter_key_of_the_laptop_test_02</span>
                  <div class="stack-trace">java.lang.NullPointerException: Cannot invoke &quot;com.aventstack.extentreports.ExtentReports.createTest(String)&quot; because &quot;extentReports&quot; is null
	at reports.TestManager.createTest(TestManager.java:14)
	at baseUtil.BaseClass.initialTest(BaseClass.java:50)
	at java.base/java.util.ArrayList.forEach(ArrayList.java:1597)
... Removed 34 stack frames
</div> <!-- stack-trace -->
                </div> <!-- method-content -->
              </div> <!-- method -->
              <div class="method">
                <div class="method-content">
                  <a name="use_of_sendKeys_method_then_click_by_return_key_of_the_laptop_test">
                  </a> <!-- use_of_sendKeys_method_then_click_by_return_key_of_the_laptop_test -->
                  <span class="method-name">use_of_sendKeys_method_then_click_by_return_key_of_the_laptop_test</span>
                  <div class="stack-trace">java.lang.NullPointerException: Cannot invoke &quot;com.aventstack.extentreports.ExtentReports.createTest(String)&quot; because &quot;extentReports&quot; is null
	at reports.TestManager.createTest(TestManager.java:14)
	at baseUtil.BaseClass.initialTest(BaseClass.java:50)
	at java.base/java.util.ArrayList.forEach(ArrayList.java:1597)
... Removed 34 stack frames
</div> <!-- stack-trace -->
                </div> <!-- method-content -->
              </div> <!-- method -->
              <div class="method">
                <div class="method-content">
                  <a name="use_of_sendKeys_method_then_click_by_tab_key_of_the_laptop_test">
                  </a> <!-- use_of_sendKeys_method_then_click_by_tab_key_of_the_laptop_test -->
                  <span class="method-name">use_of_sendKeys_method_then_click_by_tab_key_of_the_laptop_test</span>
                  <div class="stack-trace">java.lang.NullPointerException: Cannot invoke &quot;com.aventstack.extentreports.ExtentReports.createTest(String)&quot; because &quot;extentReports&quot; is null
	at reports.TestManager.createTest(TestManager.java:14)
	at baseUtil.BaseClass.initialTest(BaseClass.java:50)
	at java.base/java.util.ArrayList.forEach(ArrayList.java:1597)
... Removed 34 stack frames
</div> <!-- stack-trace -->
                </div> <!-- method-content -->
              </div> <!-- method -->
              <div class="method">
                <div class="method-content">
                  <a name="use_of_tagName_as_locator_test">
                  </a> <!-- use_of_tagName_as_locator_test -->
                  <span class="method-name">use_of_tagName_as_locator_test</span>
                  <div class="stack-trace">java.lang.NullPointerException: Cannot invoke &quot;com.aventstack.extentreports.ExtentReports.createTest(String)&quot; because &quot;extentReports&quot; is null
	at reports.TestManager.createTest(TestManager.java:14)
	at baseUtil.BaseClass.initialTest(BaseClass.java:50)
	at java.base/java.util.ArrayList.forEach(ArrayList.java:1597)
... Removed 34 stack frames
</div> <!-- stack-trace -->
                </div> <!-- method-content -->
              </div> <!-- method -->
              <div class="method">
                <div class="method-content">
                  <a name="web_based_alert_accept_test">
                  </a> <!-- web_based_alert_accept_test -->
                  <span class="method-name">web_based_alert_accept_test</span>
                  <div class="stack-trace">java.lang.NullPointerException: Cannot invoke &quot;com.aventstack.extentreports.ExtentReports.createTest(String)&quot; because &quot;extentReports&quot; is null
	at reports.TestManager.createTest(TestManager.java:14)
	at baseUtil.BaseClass.initialTest(BaseClass.java:50)
	at java.base/java.util.ArrayList.forEach(ArrayList.java:1597)
... Removed 34 stack frames
</div> <!-- stack-trace -->
                </div> <!-- method-content -->
              </div> <!-- method -->
              <div class="method">
                <div class="method-content">
                  <a name="web_based_alert_dismiss_test">
                  </a> <!-- web_based_alert_dismiss_test -->
                  <span class="method-name">web_based_alert_dismiss_test</span>
                  <div class="stack-trace">java.lang.NullPointerException: Cannot invoke &quot;com.aventstack.extentreports.ExtentReports.createTest(String)&quot; because &quot;extentReports&quot; is null
	at reports.TestManager.createTest(TestManager.java:14)
	at baseUtil.BaseClass.initialTest(BaseClass.java:50)
	at java.base/java.util.ArrayList.forEach(ArrayList.java:1597)
... Removed 34 stack frames
</div> <!-- stack-trace -->
                </div> <!-- method-content -->
              </div> <!-- method -->
              <div class="method">
                <div class="method-content">
                  <a name="why_we_use_cssSelector_as_locator_in_logo_test">
                  </a> <!-- why_we_use_cssSelector_as_locator_in_logo_test -->
                  <span class="method-name">why_we_use_cssSelector_as_locator_in_logo_test</span>
                  <div class="stack-trace">java.lang.NullPointerException: Cannot invoke &quot;com.aventstack.extentreports.ExtentReports.createTest(String)&quot; because &quot;extentReports&quot; is null
	at reports.TestManager.createTest(TestManager.java:14)
	at baseUtil.BaseClass.initialTest(BaseClass.java:50)
	at java.base/java.util.ArrayList.forEach(ArrayList.java:1597)
... Removed 34 stack frames
</div> <!-- stack-trace -->
                </div> <!-- method-content -->
              </div> <!-- method -->
            </div> <!-- main-panel-content rounded-window-bottom -->
          </div> <!-- suite-Surefire_suite-class-skipped -->
          <div class="suite-Surefire_suite-class-passed">
            <div class="main-panel-header rounded-window-top">
              <img src="passed.png"/>
              <span class="class-name">pagesTest.ForgotUserIdTest</span>
            </div> <!-- main-panel-header rounded-window-top -->
            <div class="main-panel-content rounded-window-bottom">
              <div class="method">
                <div class="method-content">
                  <a name="navigateToForgotUserIdPageTest">
                  </a> <!-- navigateToForgotUserIdPageTest -->
                  <span class="method-name">navigateToForgotUserIdPageTest</span>
                </div> <!-- method-content -->
              </div> <!-- method -->
              <div class="method">
                <div class="method-content">
                  <a name="use_of_dropdown_selectByVisibleText_method_test">
                  </a> <!-- use_of_dropdown_selectByVisibleText_method_test -->
                  <span class="method-name">use_of_dropdown_selectByVisibleText_method_test</span>
                </div> <!-- method-content -->
              </div> <!-- method -->
              <div class="method">
                <div class="method-content">
                  <a name="use_of_dropdown_with_selectByIndex_method_test">
                  </a> <!-- use_of_dropdown_with_selectByIndex_method_test -->
                  <span class="method-name">use_of_dropdown_with_selectByIndex_method_test</span>
                </div> <!-- method-content -->
              </div> <!-- method -->
              <div class="method">
                <div class="method-content">
                  <a name="use_of_dropdown_with_selectByValue_method_test">
                  </a> <!-- use_of_dropdown_with_selectByValue_method_test -->
                  <span class="method-name">use_of_dropdown_with_selectByValue_method_test</span>
                </div> <!-- method-content -->
              </div> <!-- method -->
            </div> <!-- main-panel-content rounded-window-bottom -->
          </div> <!-- suite-Surefire_suite-class-passed -->
        </div> <!-- panel Surefire_suite -->
        <div panel-name="test-xml-Surefire_suite" class="panel">
          <div class="main-panel-header rounded-window-top">
          </div> <!-- main-panel-header rounded-window-top -->
          <div class="main-panel-content rounded-window-bottom">
            <pre>
&lt;?xml version=&quot;1.0&quot; encoding=&quot;UTF-8&quot;?&gt;
&lt;!DOCTYPE suite SYSTEM &quot;https://testng.org/testng-1.0.dtd&quot;&gt;
&lt;suite name=&quot;Surefire suite&quot; verbose=&quot;0&quot;&gt;
  &lt;test thread-count=&quot;5&quot; name=&quot;Surefire test&quot; verbose=&quot;0&quot;&gt;
    &lt;classes&gt;
      &lt;class name=&quot;pagesTest.ForgotUserIdTest&quot;/&gt;
      &lt;class name=&quot;pagesTest.HomePageTest&quot;/&gt;
    &lt;/classes&gt;
  &lt;/test&gt; &lt;!-- Surefire test --&gt;
&lt;/suite&gt; &lt;!-- Surefire suite --&gt;
            </pre>
          </div> <!-- main-panel-content rounded-window-bottom -->
        </div> <!-- panel -->
        <div panel-name="testlist-Surefire_suite" class="panel">
          <div class="main-panel-header rounded-window-top">
            <span class="header-content">Tests for Surefire suite</span>
          </div> <!-- main-panel-header rounded-window-top -->
          <div class="main-panel-content rounded-window-bottom">
            <ul>
              <li>
                <span class="test-name">Surefire test (2 classes)</span>
              </li>
            </ul>
          </div> <!-- main-panel-content rounded-window-bottom -->
        </div> <!-- panel -->
        <div panel-name="group-Surefire_suite" class="panel">
          <div class="main-panel-header rounded-window-top">
            <span class="header-content">Groups for Surefire suite</span>
          </div> <!-- main-panel-header rounded-window-top -->
          <div class="main-panel-content rounded-window-bottom">
          </div> <!-- main-panel-content rounded-window-bottom -->
        </div> <!-- panel -->
        <div panel-name="times-Surefire_suite" class="panel">
          <div class="main-panel-header rounded-window-top">
            <span class="header-content">Times for Surefire suite</span>
          </div> <!-- main-panel-header rounded-window-top -->
          <div class="main-panel-content rounded-window-bottom">
            <div class="times-div">
              <script type="text/javascript">
suiteTableInitFunctions.push('tableData_Surefire_suite');
function tableData_Surefire_suite() {
var data = new google.visualization.DataTable();
data.addColumn('number', 'Number');
data.addColumn('string', 'Method');
data.addColumn('string', 'Class');
data.addColumn('number', 'Time (ms)');
data.addRows(65);
data.setCell(0, 0, 0)
data.setCell(0, 1, 'verifyForgotUserIdTest')
data.setCell(0, 2, 'pagesTest.ForgotUserIdTest')
data.setCell(0, 3, 45605);
data.setCell(1, 0, 1)
data.setCell(1, 1, 'navigateToForgotUserIdPageTest')
data.setCell(1, 2, 'pagesTest.ForgotUserIdTest')
data.setCell(1, 3, 28785);
data.setCell(2, 0, 2)
data.setCell(2, 1, 'use_of_dropdown_with_selectByIndex_method_test')
data.setCell(2, 2, 'pagesTest.ForgotUserIdTest')
data.setCell(2, 3, 13050);
data.setCell(3, 0, 3)
data.setCell(3, 1, 'use_of_dropdown_with_selectByValue_method_test')
data.setCell(3, 2, 'pagesTest.ForgotUserIdTest')
data.setCell(3, 3, 12451);
data.setCell(4, 0, 4)
data.setCell(4, 1, 'use_of_dropdown_selectByVisibleText_method_test')
data.setCell(4, 2, 'pagesTest.ForgotUserIdTest')
data.setCell(4, 3, 8539);
data.setCell(5, 0, 5)
data.setCell(5, 1, 'role5_use_of_cssSelector_by_class_name_value_and_attribute_and_its_value_test')
data.setCell(5, 2, 'pagesTest.HomePageTest')
data.setCell(5, 3, 2);
data.setCell(6, 0, 6)
data.setCell(6, 1, 'login_process_by_JavascriptExecutor_test')
data.setCell(6, 2, 'pagesTest.HomePageTest')
data.setCell(6, 3, 2);
data.setCell(7, 0, 7)
data.setCell(7, 1, 'use_of_explicitly_wait_from_common_waits_test')
data.setCell(7, 2, 'pagesTest.HomePageTest')
data.setCell(7, 3, 1);
data.setCell(8, 0, 8)
data.setCell(8, 1, 'scroll_into_view_the_element_by_commonActions_test')
data.setCell(8, 2, 'pagesTest.HomePageTest')
data.setCell(8, 3, 1);
data.setCell(9, 0, 9)
data.setCell(9, 1, 'authentication_pop_up_test')
data.setCell(9, 2, 'pagesTest.HomePageTest')
data.setCell(9, 3, 1);
data.setCell(10, 0, 10)
data.setCell(10, 1, 'use_of_clear_in_login_test')
data.setCell(10, 2, 'pagesTest.HomePageTest')
data.setCell(10, 3, 0);
data.setCell(11, 0, 11)
data.setCell(11, 1, 'use_of_partialLinkText_as_locator_in_forgot_passowrd_hyperlink_test')
data.setCell(11, 2, 'pagesTest.HomePageTest')
data.setCell(11, 3, 0);
data.setCell(12, 0, 12)
data.setCell(12, 1, 'role6_use_of_cssSelector_by_id_value_and_attribute_and_its_value_test')
data.setCell(12, 2, 'pagesTest.HomePageTest')
data.setCell(12, 3, 0);
data.setCell(13, 0, 13)
data.setCell(13, 1, 'use_of_isDisplayed_test_02')
data.setCell(13, 2, 'pagesTest.HomePageTest')
data.setCell(13, 3, 0);
data.setCell(14, 0, 14)
data.setCell(14, 1, 'web_based_alert_accept_test')
data.setCell(14, 2, 'pagesTest.HomePageTest')
data.setCell(14, 3, 0);
data.setCell(15, 0, 15)
data.setCell(15, 1, 'alternate_of_send_keys_method_test')
data.setCell(15, 2, 'pagesTest.HomePageTest')
data.setCell(15, 3, 0);
data.setCell(16, 0, 16)
data.setCell(16, 1, 'role1_use_of_cssSelector_by_class_name_value_test')
data.setCell(16, 2, 'pagesTest.HomePageTest')
data.setCell(16, 3, 0);
data.setCell(17, 0, 17)
data.setCell(17, 1, 'implicitlyWaitTest')
data.setCell(17, 2, 'pagesTest.HomePageTest')
data.setCell(17, 3, 0);
data.setCell(18, 0, 18)
data.setCell(18, 1, 'inputTextInUserIdAndPasswordFieldThenIAgreeAndClickToTheLoginButtonTest')
data.setCell(18, 2, 'pagesTest.HomePageTest')
data.setCell(18, 3, 0);
data.setCell(19, 0, 19)
data.setCell(19, 1, 'role2_use_of_cssSelector_by_id_value_test')
data.setCell(19, 2, 'pagesTest.HomePageTest')
data.setCell(19, 3, 0);
data.setCell(20, 0, 20)
data.setCell(20, 1, 'clickUserIdTest')
data.setCell(20, 2, 'pagesTest.HomePageTest')
data.setCell(20, 3, 0);
data.setCell(21, 0, 21)
data.setCell(21, 1, 'use_of_mouse_hoverAction_on_ourLocations_test')
data.setCell(21, 2, 'pagesTest.HomePageTest')
data.setCell(21, 3, 0);
data.setCell(22, 0, 22)
data.setCell(22, 1, 'use_of_right_click_action_test')
data.setCell(22, 2, 'pagesTest.HomePageTest')
data.setCell(22, 3, 0);
data.setCell(23, 0, 23)
data.setCell(23, 1, 'switch_between_window_test')
data.setCell(23, 2, 'pagesTest.HomePageTest')
data.setCell(23, 3, 0);
data.setCell(24, 0, 24)
data.setCell(24, 1, 'clickPasswordTest')
data.setCell(24, 2, 'pagesTest.HomePageTest')
data.setCell(24, 3, 0);
data.setCell(25, 0, 25)
data.setCell(25, 1, 'use_of_getAttribute_by_common_method_test')
data.setCell(25, 2, 'pagesTest.HomePageTest')
data.setCell(25, 3, 0);
data.setCell(26, 0, 26)
data.setCell(26, 1, 'scroll_into_view_the_element_test')
data.setCell(26, 2, 'pagesTest.HomePageTest')
data.setCell(26, 3, 0);
data.setCell(27, 0, 27)
data.setCell(27, 1, 'use_of_sendKeys_method_then_click_by_enter_key_of_the_laptop_test_02')
data.setCell(27, 2, 'pagesTest.HomePageTest')
data.setCell(27, 3, 0);
data.setCell(28, 0, 28)
data.setCell(28, 1, 'use_of_explicitly_wait_04_test')
data.setCell(28, 2, 'pagesTest.HomePageTest')
data.setCell(28, 3, 0);
data.setCell(29, 0, 29)
data.setCell(29, 1, 'alternate_of_click_method_test')
data.setCell(29, 2, 'pagesTest.HomePageTest')
data.setCell(29, 3, 0);
data.setCell(30, 0, 30)
data.setCell(30, 1, 'inputTextInUserIdFieldTest')
data.setCell(30, 2, 'pagesTest.HomePageTest')
data.setCell(30, 3, 0);
data.setCell(31, 0, 31)
data.setCell(31, 1, 'how_to_handle_hidden_element_by_regular_selenium_method_test')
data.setCell(31, 2, 'pagesTest.HomePageTest')
data.setCell(31, 3, 0);
data.setCell(32, 0, 32)
data.setCell(32, 1, 'use_of_explicitly_wait_02_test')
data.setCell(32, 2, 'pagesTest.HomePageTest')
data.setCell(32, 3, 0);
data.setCell(33, 0, 33)
data.setCell(33, 1, 'clickLoginButtonTest')
data.setCell(33, 2, 'pagesTest.HomePageTest')
data.setCell(33, 3, 0);
data.setCell(34, 0, 34)
data.setCell(34, 1, 'role4_use_of_cssSelector_by_attribute_and_its_value_test')
data.setCell(34, 2, 'pagesTest.HomePageTest')
data.setCell(34, 3, 0);
data.setCell(35, 0, 35)
data.setCell(35, 1, 'use_of_double_click_action_test')
data.setCell(35, 2, 'pagesTest.HomePageTest')
data.setCell(35, 3, 0);
data.setCell(36, 0, 36)
data.setCell(36, 1, 'useOfByClassInLoginProcessTest')
data.setCell(36, 2, 'pagesTest.HomePageTest')
data.setCell(36, 3, 0);
data.setCell(37, 0, 37)
data.setCell(37, 1, 'use_of_getAttribute_method_Test')
data.setCell(37, 2, 'pagesTest.HomePageTest')
data.setCell(37, 3, 0);
data.setCell(38, 0, 38)
data.setCell(38, 1, 'use_of_scroll_down_and_up_by_actions_class_Test')
data.setCell(38, 2, 'pagesTest.HomePageTest')
data.setCell(38, 3, 0);
data.setCell(39, 0, 39)
data.setCell(39, 1, 'newUserRegistrationPageValidationTest')
data.setCell(39, 2, 'pagesTest.HomePageTest')
data.setCell(39, 3, 0);
data.setCell(40, 0, 40)
data.setCell(40, 1, 'login_process_by_JavascriptExecutor_common_method_test')
data.setCell(40, 2, 'pagesTest.HomePageTest')
data.setCell(40, 3, 0);
data.setCell(41, 0, 41)
data.setCell(41, 1, 'use_of_explicitly_wait_01_test')
data.setCell(41, 2, 'pagesTest.HomePageTest')
data.setCell(41, 3, 0);
data.setCell(42, 0, 42)
data.setCell(42, 1, 'role3_use_of_cssSelector_by_compund_class_name_value_test')
data.setCell(42, 2, 'pagesTest.HomePageTest')
data.setCell(42, 3, 0);
data.setCell(43, 0, 43)
data.setCell(43, 1, 'use_of_isEnabled_in_login_test')
data.setCell(43, 2, 'pagesTest.HomePageTest')
data.setCell(43, 3, 0);
data.setCell(44, 0, 44)
data.setCell(44, 1, 'use_of_explicitly_wait_05_test')
data.setCell(44, 2, 'pagesTest.HomePageTest')
data.setCell(44, 3, 0);
data.setCell(45, 0, 45)
data.setCell(45, 1, 'use_of_scroll_down_and_scroll_up_by_robot_class')
data.setCell(45, 2, 'pagesTest.HomePageTest')
data.setCell(45, 3, 0);
data.setCell(46, 0, 46)
data.setCell(46, 1, 'how_to_handle_hidden_element_by_javascriptExecutor_test')
data.setCell(46, 2, 'pagesTest.HomePageTest')
data.setCell(46, 3, 0);
data.setCell(47, 0, 47)
data.setCell(47, 1, 'use_of_navigate_method_test')
data.setCell(47, 2, 'pagesTest.HomePageTest')
data.setCell(47, 3, 0);
data.setCell(48, 0, 48)
data.setCell(48, 1, 'use_of_sendKeys_method_then_click_by_enter_key_of_the_laptop_test_01')
data.setCell(48, 2, 'pagesTest.HomePageTest')
data.setCell(48, 3, 0);
data.setCell(49, 0, 49)
data.setCell(49, 1, 'use_of_isSelected_in_login')
data.setCell(49, 2, 'pagesTest.HomePageTest')
data.setCell(49, 3, 0);
data.setCell(50, 0, 50)
data.setCell(50, 1, 'web_based_alert_dismiss_test')
data.setCell(50, 2, 'pagesTest.HomePageTest')
data.setCell(50, 3, 0);
data.setCell(51, 0, 51)
data.setCell(51, 1, 'use_of_isDisplayed_in_login_test')
data.setCell(51, 2, 'pagesTest.HomePageTest')
data.setCell(51, 3, 0);
data.setCell(52, 0, 52)
data.setCell(52, 1, 'getMethodsOfThePageTest')
data.setCell(52, 2, 'pagesTest.HomePageTest')
data.setCell(52, 3, 0);
data.setCell(53, 0, 53)
data.setCell(53, 1, 'use_of_scroll_down_and_up_by_javascriptExecutor_test')
data.setCell(53, 2, 'pagesTest.HomePageTest')
data.setCell(53, 3, 0);
data.setCell(54, 0, 54)
data.setCell(54, 1, 'clickNewUserRegistrationTest')
data.setCell(54, 2, 'pagesTest.HomePageTest')
data.setCell(54, 3, 0);
data.setCell(55, 0, 55)
data.setCell(55, 1, 'use_of_explicitly_wait_03_test')
data.setCell(55, 2, 'pagesTest.HomePageTest')
data.setCell(55, 3, 0);
data.setCell(56, 0, 56)
data.setCell(56, 1, 'nullPointerExceptionTest')
data.setCell(56, 2, 'pagesTest.HomePageTest')
data.setCell(56, 3, 0);
data.setCell(57, 0, 57)
data.setCell(57, 1, 'use_of_sendKeys_method_then_click_by_tab_key_of_the_laptop_test')
data.setCell(57, 2, 'pagesTest.HomePageTest')
data.setCell(57, 3, 0);
data.setCell(58, 0, 58)
data.setCell(58, 1, 'use_of_tagName_as_locator_test')
data.setCell(58, 2, 'pagesTest.HomePageTest')
data.setCell(58, 3, 0);
data.setCell(59, 0, 59)
data.setCell(59, 1, 'use_of_isDisplayed_test_01')
data.setCell(59, 2, 'pagesTest.HomePageTest')
data.setCell(59, 3, 0);
data.setCell(60, 0, 60)
data.setCell(60, 1, 'use_of_linkText_as_locator_in_forgot_userId_hyperlink_test')
data.setCell(60, 2, 'pagesTest.HomePageTest')
data.setCell(60, 3, 0);
data.setCell(61, 0, 61)
data.setCell(61, 1, 'use_of_sendKeys_method_then_click_by_return_key_of_the_laptop_test')
data.setCell(61, 2, 'pagesTest.HomePageTest')
data.setCell(61, 3, 0);
data.setCell(62, 0, 62)
data.setCell(62, 1, 'why_we_use_cssSelector_as_locator_in_logo_test')
data.setCell(62, 2, 'pagesTest.HomePageTest')
data.setCell(62, 3, 0);
data.setCell(63, 0, 63)
data.setCell(63, 1, 'clickLogoTest')
data.setCell(63, 2, 'pagesTest.HomePageTest')
data.setCell(63, 3, 0);
data.setCell(64, 0, 64)
data.setCell(64, 1, 'clickUnlockTest')
data.setCell(64, 2, 'pagesTest.HomePageTest')
data.setCell(64, 3, 0);
window.suiteTableData['Surefire_suite']= { tableData: data, tableDiv: 'times-div-Surefire_suite'}
return data;
}
              </script>
              <span class="suite-total-time">Total running time: 1 minutes</span>
              <div id="times-div-Surefire_suite">
              </div> <!-- times-div-Surefire_suite -->
            </div> <!-- times-div -->
          </div> <!-- main-panel-content rounded-window-bottom -->
        </div> <!-- panel -->
        <div panel-name="reporter-Surefire_suite" class="panel">
          <div class="main-panel-header rounded-window-top">
            <span class="header-content">Reporter output for Surefire suite</span>
          </div> <!-- main-panel-header rounded-window-top -->
          <div class="main-panel-content rounded-window-bottom">
            <div class="reporter-method-div">
              <span class="reporter-method-name">navigateToForgotUserIdPageTest</span>
              <div class="reporter-method-output-div">
                <span class="reporter-method-output">Sleeping ... zZz 4000<br></span>
                <span class="reporter-method-output">[[ChromeDriver: chrome on mac (69e75a07f8289cd5aae228be969abbcf)] -> id: cms-forgot-userid]<---------> is Displayed, true<br></span>
                <span class="reporter-method-output">Proxy element for: DefaultElementLocator 'By.id: cms-forgot-userid'<-------> has been clicked<br></span>
                <span class="reporter-method-output">Sleeping ... zZz 4000<br></span>
                <span class="reporter-method-output">Actual Title is : CMS Enterprise Portal - Forgot User ID ---> And Expected Title is :CMS Enterprise Portal - Forgot User ID<br></span>
                <span class="reporter-method-output">Current URL : https://portal.cms.gov/portal/forgotuserid, Expected URL : https://portal.cms.gov/portal/forgotuserid<br></span>
              </div> <!-- reporter-method-output-div -->
            </div> <!-- reporter-method-div -->
            <div class="reporter-method-div">
              <span class="reporter-method-name">use_of_dropdown_with_selectByValue_method_test</span>
              <div class="reporter-method-output-div">
                <span class="reporter-method-output">Sleeping ... zZz 4000<br></span>
                <span class="reporter-method-output">[[ChromeDriver: chrome on mac (36b7e96738be894ef828ca1649d1814a)] -> id: cms-forgot-userid]<---------> is Displayed, true<br></span>
                <span class="reporter-method-output">[[ChromeDriver: chrome on mac (36b7e96738be894ef828ca1649d1814a)] -> id: cms-forgot-userid]<-------> has been clicked<br></span>
                <span class="reporter-method-output">Sleeping ... zZz 4000<br></span>
                <span class="reporter-method-output">Actual Title is : CMS Enterprise Portal - Forgot User ID ---> And Expected Title is :CMS Enterprise Portal - Forgot User ID<br></span>
                <span class="reporter-method-output">Current URL : https://portal.cms.gov/portal/forgotuserid, Expected URL : https://portal.cms.gov/portal/forgotuserid<br></span>
                <span class="reporter-method-output">Sleeping ... zZz 4000<br></span>
              </div> <!-- reporter-method-output-div -->
            </div> <!-- reporter-method-div -->
            <div class="reporter-method-div">
              <span class="reporter-method-name">use_of_dropdown_with_selectByIndex_method_test</span>
              <div class="reporter-method-output-div">
                <span class="reporter-method-output">Sleeping ... zZz 4000<br></span>
                <span class="reporter-method-output">[[ChromeDriver: chrome on mac (c56c58b2a4caaf44494d260301c1cd21)] -> id: cms-forgot-userid]<---------> is Displayed, true<br></span>
                <span class="reporter-method-output">[[ChromeDriver: chrome on mac (c56c58b2a4caaf44494d260301c1cd21)] -> id: cms-forgot-userid]<-------> has been clicked<br></span>
                <span class="reporter-method-output">Sleeping ... zZz 4000<br></span>
                <span class="reporter-method-output">Actual Title is : CMS Enterprise Portal - Forgot User ID ---> And Expected Title is :CMS Enterprise Portal - Forgot User ID<br></span>
                <span class="reporter-method-output">Current URL : https://portal.cms.gov/portal/forgotuserid, Expected URL : https://portal.cms.gov/portal/forgotuserid<br></span>
                <span class="reporter-method-output">Sleeping ... zZz 4000<br></span>
              </div> <!-- reporter-method-output-div -->
            </div> <!-- reporter-method-div -->
            <div class="reporter-method-div">
              <span class="reporter-method-name">use_of_dropdown_selectByVisibleText_method_test</span>
              <div class="reporter-method-output-div">
                <span class="reporter-method-output">Sleeping ... zZz 4000<br></span>
                <span class="reporter-method-output">[[ChromeDriver: chrome on mac (f3cd279860b3b5bacea9037911d5b865)] -> id: cms-forgot-userid]<---------> is Displayed, true<br></span>
                <span class="reporter-method-output">[[ChromeDriver: chrome on mac (f3cd279860b3b5bacea9037911d5b865)] -> id: cms-forgot-userid]<-------> has been clicked<br></span>
                <span class="reporter-method-output">Sleeping ... zZz 4000<br></span>
                <span class="reporter-method-output">Actual Title is : CMS Enterprise Portal - Forgot User ID ---> And Expected Title is :CMS Enterprise Portal - Forgot User ID<br></span>
                <span class="reporter-method-output">Current URL : https://portal.cms.gov/portal/forgotuserid, Expected URL : https://portal.cms.gov/portal/forgotuserid<br></span>
              </div> <!-- reporter-method-output-div -->
            </div> <!-- reporter-method-div -->
            <div class="reporter-method-div">
              <span class="reporter-method-name">verifyForgotUserIdTest</span>
              <div class="reporter-method-output-div">
                <span class="reporter-method-output">Sleeping ... zZz 4000<br></span>
                <span class="reporter-method-output">[[ChromeDriver: chrome on mac (bef4ab6db175e018c184efc50a75c6d4)] -> id: cms-forgot-userid]<---------> is Displayed, true<br></span>
                <span class="reporter-method-output">[[ChromeDriver: chrome on mac (bef4ab6db175e018c184efc50a75c6d4)] -> id: cms-forgot-userid]<-------> has been clicked<br></span>
                <span class="reporter-method-output">Sleeping ... zZz 4000<br></span>
                <span class="reporter-method-output">Actual Title is : CMS Enterprise Portal - Forgot User ID ---> And Expected Title is :CMS Enterprise Portal - Forgot User ID<br></span>
                <span class="reporter-method-output">Current URL : https://portal.cms.gov/portal/forgotuserid, Expected URL : https://portal.cms.gov/portal/forgotuserid<br></span>
                <span class="reporter-method-output">[[ChromeDriver: chrome on mac (bef4ab6db175e018c184efc50a75c6d4)] -> xpath: //h1[contains(text(), 'Forgot User ID')]] ---> Actual Header : Forgot User ID. Expected Header : Forgot User ID<br></span>
                <span class="reporter-method-output">[[ChromeDriver: chrome on mac (bef4ab6db175e018c184efc50a75c6d4)] -> xpath: //p[contains(text(), 'Please e')]] ---> Actual SubHeader : Please enter the following information to retrieve your User ID.. Expected SubHeader : Please enter the following information to retrieve your User ID.<br></span>
                <span class="reporter-method-output">[[ChromeDriver: chrome on mac (bef4ab6db175e018c184efc50a75c6d4)] -> xpath: //p[contains(@id, 'cms-allfields-req')]] ---> Actual Other Header : All fields are required.. Expected Other Header : All fields are required.<br></span>
                <span class="reporter-method-output">Mohammad <-----> has been put into <-----> [[ChromeDriver: chrome on mac (bef4ab6db175e018c184efc50a75c6d4)] -> xpath: //input[contains(@id, 'cms-forgotid-fi')]]<br></span>
                <span class="reporter-method-output">Sleeping ... zZz 4000<br></span>
                <span class="reporter-method-output">Sharkar <-----> has been put into <-----> [[ChromeDriver: chrome on mac (bef4ab6db175e018c184efc50a75c6d4)] -> xpath: //input[@name='cms-forgotid-lastName']]<br></span>
                <span class="reporter-method-output">January is present in the dropdpwn<br></span>
                <span class="reporter-method-output">Sleeping ... zZz 2000<br></span>
                <span class="reporter-method-output">February is present in the dropdpwn<br></span>
                <span class="reporter-method-output">Sleeping ... zZz 2000<br></span>
                <span class="reporter-method-output">March is present in the dropdpwn<br></span>
                <span class="reporter-method-output">Sleeping ... zZz 2000<br></span>
                <span class="reporter-method-output">April is present in the dropdpwn<br></span>
                <span class="reporter-method-output">Sleeping ... zZz 2000<br></span>
                <span class="reporter-method-output">May is present in the dropdpwn<br></span>
                <span class="reporter-method-output">Sleeping ... zZz 2000<br></span>
                <span class="reporter-method-output">June is present in the dropdpwn<br></span>
                <span class="reporter-method-output">Sleeping ... zZz 2000<br></span>
                <span class="reporter-method-output">July is present in the dropdpwn<br></span>
                <span class="reporter-method-output">Sleeping ... zZz 2000<br></span>
                <span class="reporter-method-output">August is present in the dropdpwn<br></span>
                <span class="reporter-method-output">Sleeping ... zZz 2000<br></span>
                <span class="reporter-method-output">September is present in the dropdpwn<br></span>
                <span class="reporter-method-output">Sleeping ... zZz 2000<br></span>
                <span class="reporter-method-output">October is present in the dropdpwn<br></span>
                <span class="reporter-method-output">Sleeping ... zZz 2000<br></span>
                <span class="reporter-method-output">November is present in the dropdpwn<br></span>
                <span class="reporter-method-output">Sleeping ... zZz 2000<br></span>
                <span class="reporter-method-output">December is present in the dropdpwn<br></span>
                <span class="reporter-method-output">Sleeping ... zZz 2000<br></span>
                <span class="reporter-method-output">Total Element: 12 is present in the dropdown<br></span>
                <span class="reporter-method-output">June has been selected from the dropdown of ---> [[ChromeDriver: chrome on mac (bef4ab6db175e018c184efc50a75c6d4)] -> xpath: //select[contains(@name, 'cms-forgotid-birthM')]]<br></span>
                <span class="reporter-method-output">Sleeping ... zZz 4000<br></span>
              </div> <!-- reporter-method-output-div -->
            </div> <!-- reporter-method-div -->
          </div> <!-- main-panel-content rounded-window-bottom -->
        </div> <!-- panel -->
        <div panel-name="ignored-methods-Surefire_suite" class="panel">
          <div class="main-panel-header rounded-window-top">
            <span class="header-content">2 ignored methods</span>
          </div> <!-- main-panel-header rounded-window-top -->
          <div class="main-panel-content rounded-window-bottom">
            <div class="ignored-class-div">
              <span class="ignored-class-name">pagesTest.HomePageTest</span>
              <div class="ignored-methods-div">
                <span class="ignored-method-name">initialReporting</span>
                <br/>
                <span class="ignored-method-name">publishReport</span>
                <br/>
              </div> <!-- ignored-methods-div -->
            </div> <!-- ignored-class-div -->
          </div> <!-- main-panel-content rounded-window-bottom -->
        </div> <!-- panel -->
        <div panel-name="chronological-Surefire_suite" class="panel">
          <div class="main-panel-header rounded-window-top">
            <span class="header-content">Methods in chronological order</span>
          </div> <!-- main-panel-header rounded-window-top -->
          <div class="main-panel-content rounded-window-bottom">
            <div class="chronological-class">
              <div class="chronological-class-name">pagesTest.ForgotUserIdTest</div> <!-- chronological-class-name -->
              <div class="configuration-suite before">
                <span class="method-name">initialReporting</span>
                <span class="method-start">0 ms</span>
              </div> <!-- configuration-suite before -->
              <div class="configuration-method before">
                <span class="method-name">initialTest(public void pagesTest.ForgotUserIdTest.navigateToForgotUserIdPageTest())</span>
                <span class="method-start">806 ms</span>
              </div> <!-- configuration-method before -->
              <div class="configuration-method before">
                <span class="method-name">setUp(chrome)</span>
                <span class="method-start">832 ms</span>
              </div> <!-- configuration-method before -->
              <div class="test-method">
                <span class="method-name">navigateToForgotUserIdPageTest</span>
                <span class="method-start">11233 ms</span>
              </div> <!-- test-method -->
              <div class="configuration-method after">
                <span class="method-name">afterEachTest(public void pagesTest.ForgotUserIdTest.navigateToForgotUserIdPageTest(), [TestResult name=navigateTo...)</span>
                <span class="method-start">40023 ms</span>
              </div> <!-- configuration-method after -->
              <div class="configuration-method after">
                <span class="method-name">tearUp</span>
                <span class="method-start">40032 ms</span>
              </div> <!-- configuration-method after -->
              <div class="configuration-method before">
                <span class="method-name">initialTest(public void pagesTest.ForgotUserIdTest.use_of_dropdown_selectByVisibleText_method_test())</span>
                <span class="method-start">40322 ms</span>
              </div> <!-- configuration-method before -->
              <div class="configuration-method before">
                <span class="method-name">setUp(chrome)</span>
                <span class="method-start">40323 ms</span>
              </div> <!-- configuration-method before -->
              <div class="test-method">
                <span class="method-name">use_of_dropdown_selectByVisibleText_method_test</span>
                <span class="method-start">44825 ms</span>
              </div> <!-- test-method -->
              <div class="configuration-method after">
                <span class="method-name">afterEachTest(public void pagesTest.ForgotUserIdTest.use_of_dropdown_selectByVisibleText_method_test(), [TestResul...)</span>
                <span class="method-start">53366 ms</span>
              </div> <!-- configuration-method after -->
              <div class="configuration-method after">
                <span class="method-name">tearUp</span>
                <span class="method-start">53376 ms</span>
              </div> <!-- configuration-method after -->
              <div class="configuration-method before">
                <span class="method-name">initialTest(public void pagesTest.ForgotUserIdTest.use_of_dropdown_with_selectByIndex_method_test())</span>
                <span class="method-start">53581 ms</span>
              </div> <!-- configuration-method before -->
              <div class="configuration-method before">
                <span class="method-name">setUp(chrome)</span>
                <span class="method-start">53583 ms</span>
              </div> <!-- configuration-method before -->
              <div class="test-method">
                <span class="method-name">use_of_dropdown_with_selectByIndex_method_test</span>
                <span class="method-start">56251 ms</span>
              </div> <!-- test-method -->
              <div class="configuration-method after">
                <span class="method-name">afterEachTest(public void pagesTest.ForgotUserIdTest.use_of_dropdown_with_selectByIndex_method_test(), [TestResult...)</span>
                <span class="method-start">69302 ms</span>
              </div> <!-- configuration-method after -->
              <div class="configuration-method after">
                <span class="method-name">tearUp</span>
                <span class="method-start">69305 ms</span>
              </div> <!-- configuration-method after -->
              <div class="configuration-method before">
                <span class="method-name">initialTest(public void pagesTest.ForgotUserIdTest.use_of_dropdown_with_selectByValue_method_test())</span>
                <span class="method-start">69610 ms</span>
              </div> <!-- configuration-method before -->
              <div class="configuration-method before">
                <span class="method-name">setUp(chrome)</span>
                <span class="method-start">69611 ms</span>
              </div> <!-- configuration-method before -->
              <div class="test-method">
                <span class="method-name">use_of_dropdown_with_selectByValue_method_test</span>
                <span class="method-start">74543 ms</span>
              </div> <!-- test-method -->
              <div class="configuration-method after">
                <span class="method-name">afterEachTest(public void pagesTest.ForgotUserIdTest.use_of_dropdown_with_selectByValue_method_test(), [TestResult...)</span>
                <span class="method-start">86995 ms</span>
              </div> <!-- configuration-method after -->
              <div class="configuration-method after">
                <span class="method-name">tearUp</span>
                <span class="method-start">86996 ms</span>
              </div> <!-- configuration-method after -->
              <div class="configuration-method before">
                <span class="method-name">initialTest(public void pagesTest.ForgotUserIdTest.verifyForgotUserIdTest())</span>
                <span class="method-start">87201 ms</span>
              </div> <!-- configuration-method before -->
              <div class="configuration-method before">
                <span class="method-name">setUp(chrome)</span>
                <span class="method-start">87202 ms</span>
              </div> <!-- configuration-method before -->
              <div class="test-method">
                <img src="failed.png">
                </img>
                <span class="method-name">verifyForgotUserIdTest</span>
                <span class="method-start">91684 ms</span>
              </div> <!-- test-method -->
              <div class="configuration-method after">
                <span class="method-name">afterEachTest(public void pagesTest.ForgotUserIdTest.verifyForgotUserIdTest(), [TestResult name=verifyForgotUserId...)</span>
                <span class="method-start">137308 ms</span>
              </div> <!-- configuration-method after -->
              <div class="configuration-method after">
                <span class="method-name">tearUp</span>
                <span class="method-start">137328 ms</span>
              </div> <!-- configuration-method after -->
            </div> <!-- chronological-class -->
            <div class="chronological-class">
              <div class="chronological-class-name">pagesTest.HomePageTest</div> <!-- chronological-class-name -->
              <div class="configuration-method before">
                <img src="failed.png">
                </img>
                <span class="method-name">initialTest(public void pagesTest.HomePageTest.alternate_of_click_method_test())</span>
                <span class="method-start">137539 ms</span>
              </div> <!-- configuration-method before -->
              <div class="configuration-method before">
                <span class="method-name">initialTest</span>
                <span class="method-start">137549 ms</span>
              </div> <!-- configuration-method before -->
              <div class="configuration-method before">
                <span class="method-name">initialTest</span>
                <span class="method-start">137557 ms</span>
              </div> <!-- configuration-method before -->
              <div class="configuration-method before">
                <span class="method-name">initialTest</span>
                <span class="method-start">137565 ms</span>
              </div> <!-- configuration-method before -->
              <div class="configuration-method before">
                <span class="method-name">initialTest</span>
                <span class="method-start">137569 ms</span>
              </div> <!-- configuration-method before -->
              <div class="configuration-method before">
                <span class="method-name">initialTest</span>
                <span class="method-start">137576 ms</span>
              </div> <!-- configuration-method before -->
              <div class="configuration-method before">
                <span class="method-name">initialTest</span>
                <span class="method-start">137580 ms</span>
              </div> <!-- configuration-method before -->
              <div class="configuration-method before">
                <span class="method-name">initialTest</span>
                <span class="method-start">137583 ms</span>
              </div> <!-- configuration-method before -->
              <div class="configuration-method before">
                <span class="method-name">initialTest</span>
                <span class="method-start">137586 ms</span>
              </div> <!-- configuration-method before -->
              <div class="configuration-method before">
                <span class="method-name">initialTest</span>
                <span class="method-start">137592 ms</span>
              </div> <!-- configuration-method before -->
              <div class="configuration-method before">
                <span class="method-name">initialTest</span>
                <span class="method-start">137598 ms</span>
              </div> <!-- configuration-method before -->
              <div class="configuration-method before">
                <span class="method-name">initialTest</span>
                <span class="method-start">137602 ms</span>
              </div> <!-- configuration-method before -->
              <div class="configuration-method before">
                <span class="method-name">initialTest</span>
                <span class="method-start">137607 ms</span>
              </div> <!-- configuration-method before -->
              <div class="configuration-method before">
                <span class="method-name">initialTest</span>
                <span class="method-start">137612 ms</span>
              </div> <!-- configuration-method before -->
              <div class="configuration-method before">
                <span class="method-name">initialTest</span>
                <span class="method-start">137618 ms</span>
              </div> <!-- configuration-method before -->
              <div class="configuration-method before">
                <span class="method-name">initialTest</span>
                <span class="method-start">137627 ms</span>
              </div> <!-- configuration-method before -->
              <div class="configuration-method before">
                <span class="method-name">initialTest</span>
                <span class="method-start">137632 ms</span>
              </div> <!-- configuration-method before -->
              <div class="configuration-method before">
                <span class="method-name">initialTest</span>
                <span class="method-start">137637 ms</span>
              </div> <!-- configuration-method before -->
              <div class="configuration-method before">
                <span class="method-name">initialTest</span>
                <span class="method-start">137644 ms</span>
              </div> <!-- configuration-method before -->
              <div class="configuration-method before">
                <span class="method-name">initialTest</span>
                <span class="method-start">137656 ms</span>
              </div> <!-- configuration-method before -->
              <div class="configuration-method before">
                <span class="method-name">initialTest</span>
                <span class="method-start">137665 ms</span>
              </div> <!-- configuration-method before -->
              <div class="configuration-method before">
                <span class="method-name">initialTest</span>
                <span class="method-start">137669 ms</span>
              </div> <!-- configuration-method before -->
              <div class="configuration-method before">
                <span class="method-name">initialTest</span>
                <span class="method-start">137677 ms</span>
              </div> <!-- configuration-method before -->
              <div class="configuration-method before">
                <span class="method-name">initialTest</span>
                <span class="method-start">137680 ms</span>
              </div> <!-- configuration-method before -->
              <div class="configuration-method before">
                <span class="method-name">initialTest</span>
                <span class="method-start">137684 ms</span>
              </div> <!-- configuration-method before -->
              <div class="configuration-method before">
                <span class="method-name">initialTest</span>
                <span class="method-start">137691 ms</span>
              </div> <!-- configuration-method before -->
              <div class="configuration-method before">
                <span class="method-name">initialTest</span>
                <span class="method-start">137696 ms</span>
              </div> <!-- configuration-method before -->
              <div class="configuration-method before">
                <span class="method-name">initialTest</span>
                <span class="method-start">137700 ms</span>
              </div> <!-- configuration-method before -->
              <div class="configuration-method before">
                <span class="method-name">initialTest</span>
                <span class="method-start">137704 ms</span>
              </div> <!-- configuration-method before -->
              <div class="configuration-method before">
                <span class="method-name">initialTest</span>
                <span class="method-start">137712 ms</span>
              </div> <!-- configuration-method before -->
              <div class="configuration-method before">
                <span class="method-name">initialTest</span>
                <span class="method-start">137717 ms</span>
              </div> <!-- configuration-method before -->
              <div class="configuration-method before">
                <span class="method-name">initialTest</span>
                <span class="method-start">137721 ms</span>
              </div> <!-- configuration-method before -->
              <div class="configuration-method before">
                <span class="method-name">initialTest</span>
                <span class="method-start">137725 ms</span>
              </div> <!-- configuration-method before -->
              <div class="configuration-method before">
                <span class="method-name">initialTest</span>
                <span class="method-start">137729 ms</span>
              </div> <!-- configuration-method before -->
              <div class="configuration-method before">
                <span class="method-name">initialTest</span>
                <span class="method-start">137731 ms</span>
              </div> <!-- configuration-method before -->
              <div class="configuration-method before">
                <span class="method-name">initialTest</span>
                <span class="method-start">137737 ms</span>
              </div> <!-- configuration-method before -->
              <div class="configuration-method before">
                <span class="method-name">initialTest</span>
                <span class="method-start">137741 ms</span>
              </div> <!-- configuration-method before -->
              <div class="configuration-method before">
                <span class="method-name">initialTest</span>
                <span class="method-start">137745 ms</span>
              </div> <!-- configuration-method before -->
              <div class="configuration-method before">
                <span class="method-name">initialTest</span>
                <span class="method-start">137749 ms</span>
              </div> <!-- configuration-method before -->
              <div class="configuration-method before">
                <span class="method-name">initialTest</span>
                <span class="method-start">137757 ms</span>
              </div> <!-- configuration-method before -->
              <div class="configuration-method before">
                <span class="method-name">initialTest</span>
                <span class="method-start">137760 ms</span>
              </div> <!-- configuration-method before -->
              <div class="configuration-method before">
                <span class="method-name">initialTest</span>
                <span class="method-start">137766 ms</span>
              </div> <!-- configuration-method before -->
              <div class="configuration-method before">
                <span class="method-name">initialTest</span>
                <span class="method-start">137774 ms</span>
              </div> <!-- configuration-method before -->
              <div class="configuration-method before">
                <span class="method-name">initialTest</span>
                <span class="method-start">137781 ms</span>
              </div> <!-- configuration-method before -->
              <div class="configuration-method before">
                <span class="method-name">initialTest</span>
                <span class="method-start">137784 ms</span>
              </div> <!-- configuration-method before -->
              <div class="configuration-method before">
                <span class="method-name">initialTest</span>
                <span class="method-start">137788 ms</span>
              </div> <!-- configuration-method before -->
              <div class="configuration-method before">
                <span class="method-name">initialTest</span>
                <span class="method-start">137796 ms</span>
              </div> <!-- configuration-method before -->
              <div class="configuration-method before">
                <span class="method-name">initialTest</span>
                <span class="method-start">137799 ms</span>
              </div> <!-- configuration-method before -->
              <div class="configuration-method before">
                <span class="method-name">initialTest</span>
                <span class="method-start">137804 ms</span>
              </div> <!-- configuration-method before -->
              <div class="configuration-method before">
                <span class="method-name">initialTest</span>
                <span class="method-start">137809 ms</span>
              </div> <!-- configuration-method before -->
              <div class="configuration-method before">
                <span class="method-name">initialTest</span>
                <span class="method-start">137814 ms</span>
              </div> <!-- configuration-method before -->
              <div class="configuration-method before">
                <span class="method-name">initialTest</span>
                <span class="method-start">137821 ms</span>
              </div> <!-- configuration-method before -->
              <div class="configuration-method before">
                <span class="method-name">initialTest</span>
                <span class="method-start">137829 ms</span>
              </div> <!-- configuration-method before -->
              <div class="configuration-method before">
                <span class="method-name">initialTest</span>
                <span class="method-start">137833 ms</span>
              </div> <!-- configuration-method before -->
              <div class="configuration-method before">
                <span class="method-name">initialTest</span>
                <span class="method-start">137836 ms</span>
              </div> <!-- configuration-method before -->
              <div class="configuration-method before">
                <span class="method-name">initialTest</span>
                <span class="method-start">137842 ms</span>
              </div> <!-- configuration-method before -->
              <div class="configuration-method before">
                <span class="method-name">initialTest</span>
                <span class="method-start">137845 ms</span>
              </div> <!-- configuration-method before -->
              <div class="configuration-method before">
                <span class="method-name">initialTest</span>
                <span class="method-start">137848 ms</span>
              </div> <!-- configuration-method before -->
              <div class="configuration-method before">
                <span class="method-name">initialTest</span>
                <span class="method-start">137861 ms</span>
              </div> <!-- configuration-method before -->
              <div class="configuration-method before">
                <span class="method-name">initialTest</span>
                <span class="method-start">137867 ms</span>
              </div> <!-- configuration-method before -->
            </div> <!-- chronological-class -->
            <div class="chronological-class">
              <div class="chronological-class-name">pagesTest.ForgotUserIdTest</div> <!-- chronological-class-name -->
              <div class="configuration-suite after">
                <span class="method-name">publishReport</span>
                <span class="method-start">138348 ms</span>
              </div> <!-- configuration-suite after -->
          </div> <!-- main-panel-content rounded-window-bottom -->
        </div> <!-- panel -->
      </div> <!-- main-panel-root -->
    </div> <!-- wrapper -->
  </body>
<script type="text/javascript" src="testng-reports2.js"></script>
</html>
