<?xml version="1.0" encoding="UTF-8"?>
<!-- Generated by org.testng.reporters.JUnitReportReporter -->
<testsuite hostname="Muhammads-MacBook-Air-151.local" failures="0" tests="5" name="pagesTest.ForgotUserIdTest" time="136.679" errors="1" timestamp="2024-09-19T13:41:03 EDT" skipped="0">
  <testcase classname="pagesTest.ForgotUserIdTest" name="navigateToForgotUserIdPageTest" time="33.505">
    <system-out>
      <![CDATA[Sleeping ... zZz 4000<br>
[[ChromeDriver: chrome on mac (69e75a07f8289cd5aae228be969abbcf)] -> id: cms-forgot-userid]<---------> is Displayed, true<br>
Proxy element for: DefaultElementLocator 'By.id: cms-forgot-userid'<-------> has been clicked<br>
Sleeping ... zZz 4000<br>
Actual Title is : CMS Enterprise Portal - Forgot User ID ---> And Expected Title is :CMS Enterprise Portal - Forgot User ID<br>
Current URL : https://portal.cms.gov/portal/forgotuserid, Expected URL : https://portal.cms.gov/portal/forgotuserid<br>]]>
    </system-out>
  </testcase> <!-- navigateToForgotUserIdPageTest -->
  <testcase classname="pagesTest.ForgotUserIdTest" name="use_of_dropdown_with_selectByValue_method_test" time="23.156">
    <system-out>
      <![CDATA[Sleeping ... zZz 4000<br>
[[ChromeDriver: chrome on mac (36b7e96738be894ef828ca1649d1814a)] -> id: cms-forgot-userid]<---------> is Displayed, true<br>
[[ChromeDriver: chrome on mac (36b7e96738be894ef828ca1649d1814a)] -> id: cms-forgot-userid]<-------> has been clicked<br>
Sleeping ... zZz 4000<br>
Actual Title is : CMS Enterprise Portal - Forgot User ID ---> And Expected Title is :CMS Enterprise Portal - Forgot User ID<br>
Current URL : https://portal.cms.gov/portal/forgotuserid, Expected URL : https://portal.cms.gov/portal/forgotuserid<br>
Sleeping ... zZz 4000<br>]]>
    </system-out>
  </testcase> <!-- use_of_dropdown_with_selectByValue_method_test -->
  <testcase classname="pagesTest.ForgotUserIdTest" name="verifyForgotUserIdTest" time="50.319">
    <error message="no such window: target window already closed
from unknown error: web view not found
  (Session info: chrome=128.0.6613.138)
Build info: version: &#039;4.22.0&#039;, revision: &#039;c5f3146703*&#039;
System info: os.name: &#039;Mac OS X&#039;, os.arch: &#039;x86_64&#039;, os.version: &#039;12.7&#039;, java.version: &#039;22.0.1&#039;
Driver info: org.openqa.selenium.chrome.ChromeDriver
Command: [bef4ab6db175e018c184efc50a75c6d4, findElement {value=//select[@name=&#039;cms-forgotid-birthDate&#039;], using=xpath}]
Capabilities {acceptInsecureCerts: false, browserName: chrome, browserVersion: 128.0.6613.138, chrome: {chromedriverVersion: 128.0.6613.137 (fe621c5aa2d..., userDataDir: /var/folders/2q/c_mlfcxd4_s...}, fedcm:accounts: true, goog:chromeOptions: {debuggerAddress: localhost:53542}, networkConnectionEnabled: false, pageLoadStrategy: normal, platformName: mac, proxy: Proxy(), se:cdp: ws://localhost:53542/devtoo..., se:cdpVersion: 128.0.6613.138, setWindowRect: true, strictFileInteractability: false, timeouts: {implicit: 0, pageLoad: 300000, script: 30000}, unhandledPromptBehavior: dismiss and notify, webauthn:extension:credBlob: true, webauthn:extension:largeBlob: true, webauthn:extension:minPinLength: true, webauthn:extension:prf: true, webauthn:virtualAuthenticators: true}
Session ID: bef4ab6db175e018c184efc50a75c6d4" type="org.openqa.selenium.NoSuchWindowException">
      <![CDATA[org.openqa.selenium.NoSuchWindowException: no such window: target window already closed
from unknown error: web view not found
  (Session info: chrome=128.0.6613.138)
Build info: version: '4.22.0', revision: 'c5f3146703*'
System info: os.name: 'Mac OS X', os.arch: 'x86_64', os.version: '12.7', java.version: '22.0.1'
Driver info: org.openqa.selenium.chrome.ChromeDriver
Command: [bef4ab6db175e018c184efc50a75c6d4, findElement {value=//select[@name='cms-forgotid-birthDate'], using=xpath}]
Capabilities {acceptInsecureCerts: false, browserName: chrome, browserVersion: 128.0.6613.138, chrome: {chromedriverVersion: 128.0.6613.137 (fe621c5aa2d..., userDataDir: /var/folders/2q/c_mlfcxd4_s...}, fedcm:accounts: true, goog:chromeOptions: {debuggerAddress: localhost:53542}, networkConnectionEnabled: false, pageLoadStrategy: normal, platformName: mac, proxy: Proxy(), se:cdp: ws://localhost:53542/devtoo..., se:cdpVersion: 128.0.6613.138, setWindowRect: true, strictFileInteractability: false, timeouts: {implicit: 0, pageLoad: 300000, script: 30000}, unhandledPromptBehavior: dismiss and notify, webauthn:extension:credBlob: true, webauthn:extension:largeBlob: true, webauthn:extension:minPinLength: true, webauthn:extension:prf: true, webauthn:virtualAuthenticators: true}
Session ID: bef4ab6db175e018c184efc50a75c6d4
at java.base/jdk.internal.reflect.DirectConstructorHandleAccessor.newInstance(DirectConstructorHandleAccessor.java:62)
at java.base/java.lang.reflect.Constructor.newInstanceWithCaller(Constructor.java:502)
at java.base/java.lang.reflect.Constructor.newInstance(Constructor.java:486)
at org.openqa.selenium.remote.ErrorCodec.decode(ErrorCodec.java:167)
at org.openqa.selenium.remote.codec.w3c.W3CHttpResponseCodec.decode(W3CHttpResponseCodec.java:138)
at org.openqa.selenium.remote.codec.w3c.W3CHttpResponseCodec.decode(W3CHttpResponseCodec.java:50)
at org.openqa.selenium.remote.HttpCommandExecutor.execute(HttpCommandExecutor.java:190)
at org.openqa.selenium.remote.service.DriverCommandExecutor.invokeExecute(DriverCommandExecutor.java:216)
at org.openqa.selenium.remote.service.DriverCommandExecutor.execute(DriverCommandExecutor.java:174)
at org.openqa.selenium.remote.RemoteWebDriver.execute(RemoteWebDriver.java:518)
at org.openqa.selenium.remote.ElementLocation$ElementFinder$2.findElement(ElementLocation.java:165)
at org.openqa.selenium.remote.ElementLocation.findElement(ElementLocation.java:59)
at org.openqa.selenium.remote.RemoteWebDriver.findElement(RemoteWebDriver.java:355)
at org.openqa.selenium.remote.RemoteWebDriver.findElement(RemoteWebDriver.java:349)
at org.openqa.selenium.support.pagefactory.DefaultElementLocator.findElement(DefaultElementLocator.java:68)
at org.openqa.selenium.support.pagefactory.internal.LocatingElementHandler.invoke(LocatingElementHandler.java:38)
at jdk.proxy2/jdk.proxy2.$Proxy15.getTagName(Unknown Source)
at org.openqa.selenium.support.ui.Select.<init>(Select.java:43)
at common.CommonActions.selectDropdown(CommonActions.java:188)
at pages.ForgotUserId.verifyForgotUserId(ForgotUserId.java:109)
at pagesTest.ForgotUserIdTest.verifyForgotUserIdTest(ForgotUserIdTest.java:40)
at java.base/jdk.internal.reflect.DirectMethodHandleAccessor.invoke(DirectMethodHandleAccessor.java:103)
at java.base/java.lang.reflect.Method.invoke(Method.java:580)
at org.testng.internal.invokers.MethodInvocationHelper.invokeMethod(MethodInvocationHelper.java:141)
at org.testng.internal.invokers.TestInvoker.invokeMethod(TestInvoker.java:686)
at org.testng.internal.invokers.TestInvoker.invokeTestMethod(TestInvoker.java:230)
at org.testng.internal.invokers.MethodRunner.runInSequence(MethodRunner.java:63)
at org.testng.internal.invokers.TestInvoker$MethodInvocationAgent.invoke(TestInvoker.java:992)
at org.testng.internal.invokers.TestInvoker.invokeTestMethods(TestInvoker.java:203)
at org.testng.internal.invokers.TestMethodWorker.invokeTestMethods(TestMethodWorker.java:154)
at org.testng.internal.invokers.TestMethodWorker.run(TestMethodWorker.java:134)
at java.base/java.util.ArrayList.forEach(ArrayList.java:1597)
at org.testng.TestRunner.privateRun(TestRunner.java:739)
at org.testng.TestRunner.run(TestRunner.java:614)
at org.testng.SuiteRunner.runTest(SuiteRunner.java:421)
at org.testng.SuiteRunner.runSequentially(SuiteRunner.java:413)
at org.testng.SuiteRunner.privateRun(SuiteRunner.java:373)
at org.testng.SuiteRunner.run(SuiteRunner.java:312)
at org.testng.SuiteRunnerWorker.runSuite(SuiteRunnerWorker.java:52)
at org.testng.SuiteRunnerWorker.run(SuiteRunnerWorker.java:95)
at org.testng.TestNG.runSuitesSequentially(TestNG.java:1274)
at org.testng.TestNG.runSuitesLocally(TestNG.java:1208)
at org.testng.TestNG.runSuites(TestNG.java:1112)
at org.testng.TestNG.run(TestNG.java:1079)
at org.apache.maven.surefire.testng.TestNGExecutor.run(TestNGExecutor.java:155)
at org.apache.maven.surefire.testng.TestNGDirectoryTestSuite.executeMulti(TestNGDirectoryTestSuite.java:169)
at org.apache.maven.surefire.testng.TestNGDirectoryTestSuite.execute(TestNGDirectoryTestSuite.java:88)
at org.apache.maven.surefire.testng.TestNGProvider.invoke(TestNGProvider.java:137)
at org.apache.maven.surefire.booter.ForkedBooter.runSuitesInProcess(ForkedBooter.java:385)
at org.apache.maven.surefire.booter.ForkedBooter.execute(ForkedBooter.java:162)
at org.apache.maven.surefire.booter.ForkedBooter.run(ForkedBooter.java:507)
at org.apache.maven.surefire.booter.ForkedBooter.main(ForkedBooter.java:495)
]]>
    </error>
    <system-out>
      <![CDATA[Sleeping ... zZz 4000<br>
[[ChromeDriver: chrome on mac (bef4ab6db175e018c184efc50a75c6d4)] -> id: cms-forgot-userid]<---------> is Displayed, true<br>
[[ChromeDriver: chrome on mac (bef4ab6db175e018c184efc50a75c6d4)] -> id: cms-forgot-userid]<-------> has been clicked<br>
Sleeping ... zZz 4000<br>
Actual Title is : CMS Enterprise Portal - Forgot User ID ---> And Expected Title is :CMS Enterprise Portal - Forgot User ID<br>
Current URL : https://portal.cms.gov/portal/forgotuserid, Expected URL : https://portal.cms.gov/portal/forgotuserid<br>
[[ChromeDriver: chrome on mac (bef4ab6db175e018c184efc50a75c6d4)] -> xpath: //h1[contains(text(), 'Forgot User ID')]] ---> Actual Header : Forgot User ID. Expected Header : Forgot User ID<br>
[[ChromeDriver: chrome on mac (bef4ab6db175e018c184efc50a75c6d4)] -> xpath: //p[contains(text(), 'Please e')]] ---> Actual SubHeader : Please enter the following information to retrieve your User ID.. Expected SubHeader : Please enter the following information to retrieve your User ID.<br>
[[ChromeDriver: chrome on mac (bef4ab6db175e018c184efc50a75c6d4)] -> xpath: //p[contains(@id, 'cms-allfields-req')]] ---> Actual Other Header : All fields are required.. Expected Other Header : All fields are required.<br>
Mohammad <-----> has been put into <-----> [[ChromeDriver: chrome on mac (bef4ab6db175e018c184efc50a75c6d4)] -> xpath: //input[contains(@id, 'cms-forgotid-fi')]]<br>
Sleeping ... zZz 4000<br>
Sharkar <-----> has been put into <-----> [[ChromeDriver: chrome on mac (bef4ab6db175e018c184efc50a75c6d4)] -> xpath: //input[@name='cms-forgotid-lastName']]<br>
January is present in the dropdpwn<br>
Sleeping ... zZz 2000<br>
February is present in the dropdpwn<br>
Sleeping ... zZz 2000<br>
March is present in the dropdpwn<br>
Sleeping ... zZz 2000<br>
April is present in the dropdpwn<br>
Sleeping ... zZz 2000<br>
May is present in the dropdpwn<br>
Sleeping ... zZz 2000<br>
June is present in the dropdpwn<br>
Sleeping ... zZz 2000<br>
July is present in the dropdpwn<br>
Sleeping ... zZz 2000<br>
August is present in the dropdpwn<br>
Sleeping ... zZz 2000<br>
September is present in the dropdpwn<br>
Sleeping ... zZz 2000<br>
October is present in the dropdpwn<br>
Sleeping ... zZz 2000<br>
November is present in the dropdpwn<br>
Sleeping ... zZz 2000<br>
December is present in the dropdpwn<br>
Sleeping ... zZz 2000<br>
Total Element: 12 is present in the dropdown<br>
June has been selected from the dropdown of ---> [[ChromeDriver: chrome on mac (bef4ab6db175e018c184efc50a75c6d4)] -> xpath: //select[contains(@name, 'cms-forgotid-birthM')]]<br>
Sleeping ... zZz 4000<br>]]>
    </system-out>
  </testcase> <!-- verifyForgotUserIdTest -->
  <testcase classname="pagesTest.ForgotUserIdTest" name="use_of_dropdown_with_selectByIndex_method_test" time="16.023">
    <system-out>
      <![CDATA[Sleeping ... zZz 4000<br>
[[ChromeDriver: chrome on mac (c56c58b2a4caaf44494d260301c1cd21)] -> id: cms-forgot-userid]<---------> is Displayed, true<br>
[[ChromeDriver: chrome on mac (c56c58b2a4caaf44494d260301c1cd21)] -> id: cms-forgot-userid]<-------> has been clicked<br>
Sleeping ... zZz 4000<br>
Actual Title is : CMS Enterprise Portal - Forgot User ID ---> And Expected Title is :CMS Enterprise Portal - Forgot User ID<br>
Current URL : https://portal.cms.gov/portal/forgotuserid, Expected URL : https://portal.cms.gov/portal/forgotuserid<br>
Sleeping ... zZz 4000<br>]]>
    </system-out>
  </testcase> <!-- use_of_dropdown_with_selectByIndex_method_test -->
  <testcase classname="pagesTest.ForgotUserIdTest" name="use_of_dropdown_selectByVisibleText_method_test" time="13.676">
    <system-out>
      <![CDATA[Sleeping ... zZz 4000<br>
[[ChromeDriver: chrome on mac (f3cd279860b3b5bacea9037911d5b865)] -> id: cms-forgot-userid]<---------> is Displayed, true<br>
[[ChromeDriver: chrome on mac (f3cd279860b3b5bacea9037911d5b865)] -> id: cms-forgot-userid]<-------> has been clicked<br>
Sleeping ... zZz 4000<br>
Actual Title is : CMS Enterprise Portal - Forgot User ID ---> And Expected Title is :CMS Enterprise Portal - Forgot User ID<br>
Current URL : https://portal.cms.gov/portal/forgotuserid, Expected URL : https://portal.cms.gov/portal/forgotuserid<br>]]>
    </system-out>
  </testcase> <!-- use_of_dropdown_selectByVisibleText_method_test -->
  <system-out>
    <![CDATA[Sleeping ... zZz 4000<br>
[[ChromeDriver: chrome on mac (69e75a07f8289cd5aae228be969abbcf)] -> id: cms-forgot-userid]<---------> is Displayed, true<br>
Proxy element for: DefaultElementLocator 'By.id: cms-forgot-userid'<-------> has been clicked<br>
Sleeping ... zZz 4000<br>
Actual Title is : CMS Enterprise Portal - Forgot User ID ---> And Expected Title is :CMS Enterprise Portal - Forgot User ID<br>
Current URL : https://portal.cms.gov/portal/forgotuserid, Expected URL : https://portal.cms.gov/portal/forgotuserid<br>
Sleeping ... zZz 4000<br>
[[ChromeDriver: chrome on mac (f3cd279860b3b5bacea9037911d5b865)] -> id: cms-forgot-userid]<---------> is Displayed, true<br>
[[ChromeDriver: chrome on mac (f3cd279860b3b5bacea9037911d5b865)] -> id: cms-forgot-userid]<-------> has been clicked<br>
Sleeping ... zZz 4000<br>
Actual Title is : CMS Enterprise Portal - Forgot User ID ---> And Expected Title is :CMS Enterprise Portal - Forgot User ID<br>
Current URL : https://portal.cms.gov/portal/forgotuserid, Expected URL : https://portal.cms.gov/portal/forgotuserid<br>
Sleeping ... zZz 4000<br>
[[ChromeDriver: chrome on mac (c56c58b2a4caaf44494d260301c1cd21)] -> id: cms-forgot-userid]<---------> is Displayed, true<br>
[[ChromeDriver: chrome on mac (c56c58b2a4caaf44494d260301c1cd21)] -> id: cms-forgot-userid]<-------> has been clicked<br>
Sleeping ... zZz 4000<br>
Actual Title is : CMS Enterprise Portal - Forgot User ID ---> And Expected Title is :CMS Enterprise Portal - Forgot User ID<br>
Current URL : https://portal.cms.gov/portal/forgotuserid, Expected URL : https://portal.cms.gov/portal/forgotuserid<br>
Sleeping ... zZz 4000<br>
Sleeping ... zZz 4000<br>
[[ChromeDriver: chrome on mac (36b7e96738be894ef828ca1649d1814a)] -> id: cms-forgot-userid]<---------> is Displayed, true<br>
[[ChromeDriver: chrome on mac (36b7e96738be894ef828ca1649d1814a)] -> id: cms-forgot-userid]<-------> has been clicked<br>
Sleeping ... zZz 4000<br>
Actual Title is : CMS Enterprise Portal - Forgot User ID ---> And Expected Title is :CMS Enterprise Portal - Forgot User ID<br>
Current URL : https://portal.cms.gov/portal/forgotuserid, Expected URL : https://portal.cms.gov/portal/forgotuserid<br>
Sleeping ... zZz 4000<br>
Sleeping ... zZz 4000<br>
[[ChromeDriver: chrome on mac (bef4ab6db175e018c184efc50a75c6d4)] -> id: cms-forgot-userid]<---------> is Displayed, true<br>
[[ChromeDriver: chrome on mac (bef4ab6db175e018c184efc50a75c6d4)] -> id: cms-forgot-userid]<-------> has been clicked<br>
Sleeping ... zZz 4000<br>
Actual Title is : CMS Enterprise Portal - Forgot User ID ---> And Expected Title is :CMS Enterprise Portal - Forgot User ID<br>
Current URL : https://portal.cms.gov/portal/forgotuserid, Expected URL : https://portal.cms.gov/portal/forgotuserid<br>
[[ChromeDriver: chrome on mac (bef4ab6db175e018c184efc50a75c6d4)] -> xpath: //h1[contains(text(), 'Forgot User ID')]] ---> Actual Header : Forgot User ID. Expected Header : Forgot User ID<br>
[[ChromeDriver: chrome on mac (bef4ab6db175e018c184efc50a75c6d4)] -> xpath: //p[contains(text(), 'Please e')]] ---> Actual SubHeader : Please enter the following information to retrieve your User ID.. Expected SubHeader : Please enter the following information to retrieve your User ID.<br>
[[ChromeDriver: chrome on mac (bef4ab6db175e018c184efc50a75c6d4)] -> xpath: //p[contains(@id, 'cms-allfields-req')]] ---> Actual Other Header : All fields are required.. Expected Other Header : All fields are required.<br>
Mohammad <-----> has been put into <-----> [[ChromeDriver: chrome on mac (bef4ab6db175e018c184efc50a75c6d4)] -> xpath: //input[contains(@id, 'cms-forgotid-fi')]]<br>
Sleeping ... zZz 4000<br>
Sharkar <-----> has been put into <-----> [[ChromeDriver: chrome on mac (bef4ab6db175e018c184efc50a75c6d4)] -> xpath: //input[@name='cms-forgotid-lastName']]<br>
January is present in the dropdpwn<br>
Sleeping ... zZz 2000<br>
February is present in the dropdpwn<br>
Sleeping ... zZz 2000<br>
March is present in the dropdpwn<br>
Sleeping ... zZz 2000<br>
April is present in the dropdpwn<br>
Sleeping ... zZz 2000<br>
May is present in the dropdpwn<br>
Sleeping ... zZz 2000<br>
June is present in the dropdpwn<br>
Sleeping ... zZz 2000<br>
July is present in the dropdpwn<br>
Sleeping ... zZz 2000<br>
August is present in the dropdpwn<br>
Sleeping ... zZz 2000<br>
September is present in the dropdpwn<br>
Sleeping ... zZz 2000<br>
October is present in the dropdpwn<br>
Sleeping ... zZz 2000<br>
November is present in the dropdpwn<br>
Sleeping ... zZz 2000<br>
December is present in the dropdpwn<br>
Sleeping ... zZz 2000<br>
Total Element: 12 is present in the dropdown<br>
June has been selected from the dropdown of ---> [[ChromeDriver: chrome on mac (bef4ab6db175e018c184efc50a75c6d4)] -> xpath: //select[contains(@name, 'cms-forgotid-birthM')]]<br>
Sleeping ... zZz 4000<br>
Screenshot cannot be captured<br>]]>
  </system-out>
</testsuite> <!-- pagesTest.ForgotUserIdTest -->
