<?xml version="1.0" encoding="UTF-8"?>
<!-- Generated by org.testng.reporters.JUnitReportReporter -->
<testsuite hostname="Muhammads-MacBook-Air-151.local" failures="0" tests="61" name="pagesTest.HomePageTest" time="0.009" errors="1" timestamp="2024-09-19T13:41:03 EDT" skipped="60">
  <testcase classname="pagesTest.HomePageTest" name="use_of_partialLinkText_as_locator_in_forgot_passowrd_hyperlink_test" time="0.000">
    <skipped/>
  </testcase> <!-- use_of_partialLinkText_as_locator_in_forgot_passowrd_hyperlink_test -->
  <testcase classname="pagesTest.HomePageTest" name="role6_use_of_cssSelector_by_id_value_and_attribute_and_its_value_test" time="0.000">
    <skipped/>
  </testcase> <!-- role6_use_of_cssSelector_by_id_value_and_attribute_and_its_value_test -->
  <testcase classname="pagesTest.HomePageTest" name="use_of_isDisplayed_test_02" time="0.000">
    <skipped/>
  </testcase> <!-- use_of_isDisplayed_test_02 -->
  <testcase classname="pagesTest.HomePageTest" name="web_based_alert_accept_test" time="0.000">
    <skipped/>
  </testcase> <!-- web_based_alert_accept_test -->
  <testcase classname="pagesTest.HomePageTest" name="alternate_of_send_keys_method_test" time="0.000">
    <skipped/>
  </testcase> <!-- alternate_of_send_keys_method_test -->
  <testcase classname="pagesTest.HomePageTest" name="role1_use_of_cssSelector_by_class_name_value_test" time="0.000">
    <skipped/>
  </testcase> <!-- role1_use_of_cssSelector_by_class_name_value_test -->
  <testcase classname="pagesTest.HomePageTest" name="implicitlyWaitTest" time="0.000">
    <skipped/>
  </testcase> <!-- implicitlyWaitTest -->
  <testcase classname="pagesTest.HomePageTest" name="inputTextInUserIdAndPasswordFieldThenIAgreeAndClickToTheLoginButtonTest" time="0.000">
    <skipped/>
  </testcase> <!-- inputTextInUserIdAndPasswordFieldThenIAgreeAndClickToTheLoginButtonTest -->
  <testcase classname="pagesTest.HomePageTest" name="role2_use_of_cssSelector_by_id_value_test" time="0.000">
    <skipped/>
  </testcase> <!-- role2_use_of_cssSelector_by_id_value_test -->
  <testcase classname="pagesTest.HomePageTest" name="clickUserIdTest" time="0.000">
    <skipped/>
  </testcase> <!-- clickUserIdTest -->
  <testcase classname="pagesTest.HomePageTest" name="use_of_mouse_hoverAction_on_ourLocations_test" time="0.000">
    <skipped/>
  </testcase> <!-- use_of_mouse_hoverAction_on_ourLocations_test -->
  <testcase classname="pagesTest.HomePageTest" name="use_of_right_click_action_test" time="0.000">
    <skipped/>
  </testcase> <!-- use_of_right_click_action_test -->
  <testcase classname="pagesTest.HomePageTest" name="switch_between_window_test" time="0.000">
    <skipped/>
  </testcase> <!-- switch_between_window_test -->
  <testcase classname="pagesTest.HomePageTest" name="clickPasswordTest" time="0.000">
    <skipped/>
  </testcase> <!-- clickPasswordTest -->
  <testcase classname="pagesTest.HomePageTest" name="use_of_getAttribute_by_common_method_test" time="0.000">
    <skipped/>
  </testcase> <!-- use_of_getAttribute_by_common_method_test -->
  <testcase classname="pagesTest.HomePageTest" name="scroll_into_view_the_element_test" time="0.000">
    <skipped/>
  </testcase> <!-- scroll_into_view_the_element_test -->
  <testcase classname="pagesTest.HomePageTest" name="use_of_sendKeys_method_then_click_by_enter_key_of_the_laptop_test_02" time="0.000">
    <skipped/>
  </testcase> <!-- use_of_sendKeys_method_then_click_by_enter_key_of_the_laptop_test_02 -->
  <testcase classname="pagesTest.HomePageTest" name="use_of_explicitly_wait_04_test" time="0.000">
    <skipped/>
  </testcase> <!-- use_of_explicitly_wait_04_test -->
  <testcase classname="pagesTest.HomePageTest" name="alternate_of_click_method_test" time="0.000">
    <skipped/>
  </testcase> <!-- alternate_of_click_method_test -->
  <testcase classname="pagesTest.HomePageTest" name="inputTextInUserIdFieldTest" time="0.000">
    <skipped/>
  </testcase> <!-- inputTextInUserIdFieldTest -->
  <testcase classname="pagesTest.HomePageTest" name="how_to_handle_hidden_element_by_regular_selenium_method_test" time="0.000">
    <skipped/>
  </testcase> <!-- how_to_handle_hidden_element_by_regular_selenium_method_test -->
  <testcase classname="pagesTest.HomePageTest" name="use_of_explicitly_wait_02_test" time="0.000">
    <skipped/>
  </testcase> <!-- use_of_explicitly_wait_02_test -->
  <testcase classname="pagesTest.HomePageTest" name="role4_use_of_cssSelector_by_attribute_and_its_value_test" time="0.000">
    <skipped/>
  </testcase> <!-- role4_use_of_cssSelector_by_attribute_and_its_value_test -->
  <testcase classname="pagesTest.HomePageTest" name="use_of_double_click_action_test" time="0.000">
    <skipped/>
  </testcase> <!-- use_of_double_click_action_test -->
  <testcase classname="pagesTest.HomePageTest" name="useOfByClassInLoginProcessTest" time="0.000">
    <skipped/>
  </testcase> <!-- useOfByClassInLoginProcessTest -->
  <testcase classname="pagesTest.HomePageTest" name="use_of_getAttribute_method_Test" time="0.000">
    <skipped/>
  </testcase> <!-- use_of_getAttribute_method_Test -->
  <testcase classname="pagesTest.HomePageTest" name="use_of_scroll_down_and_up_by_actions_class_Test" time="0.000">
    <skipped/>
  </testcase> <!-- use_of_scroll_down_and_up_by_actions_class_Test -->
  <testcase classname="pagesTest.HomePageTest" name="newUserRegistrationPageValidationTest" time="0.000">
    <skipped/>
  </testcase> <!-- newUserRegistrationPageValidationTest -->
  <testcase classname="pagesTest.HomePageTest" name="login_process_by_JavascriptExecutor_common_method_test" time="0.000">
    <skipped/>
  </testcase> <!-- login_process_by_JavascriptExecutor_common_method_test -->
  <testcase classname="pagesTest.HomePageTest" name="use_of_explicitly_wait_01_test" time="0.000">
    <skipped/>
  </testcase> <!-- use_of_explicitly_wait_01_test -->
  <testcase classname="pagesTest.HomePageTest" name="role3_use_of_cssSelector_by_compund_class_name_value_test" time="0.000">
    <skipped/>
  </testcase> <!-- role3_use_of_cssSelector_by_compund_class_name_value_test -->
  <testcase classname="pagesTest.HomePageTest" name="use_of_isEnabled_in_login_test" time="0.000">
    <skipped/>
  </testcase> <!-- use_of_isEnabled_in_login_test -->
  <testcase classname="pagesTest.HomePageTest" name="use_of_explicitly_wait_05_test" time="0.000">
    <skipped/>
  </testcase> <!-- use_of_explicitly_wait_05_test -->
  <testcase classname="pagesTest.HomePageTest" name="use_of_scroll_down_and_scroll_up_by_robot_class" time="0.000">
    <skipped/>
  </testcase> <!-- use_of_scroll_down_and_scroll_up_by_robot_class -->
  <testcase classname="pagesTest.HomePageTest" name="role5_use_of_cssSelector_by_class_name_value_and_attribute_and_its_value_test" time="0.002">
    <skipped/>
  </testcase> <!-- role5_use_of_cssSelector_by_class_name_value_and_attribute_and_its_value_test -->
  <testcase classname="pagesTest.HomePageTest" name="how_to_handle_hidden_element_by_javascriptExecutor_test" time="0.000">
    <skipped/>
  </testcase> <!-- how_to_handle_hidden_element_by_javascriptExecutor_test -->
  <testcase classname="pagesTest.HomePageTest" name="use_of_navigate_method_test" time="0.000">
    <skipped/>
  </testcase> <!-- use_of_navigate_method_test -->
  <testcase classname="pagesTest.HomePageTest" name="use_of_explicitly_wait_from_common_waits_test" time="0.001">
    <skipped/>
  </testcase> <!-- use_of_explicitly_wait_from_common_waits_test -->
  <testcase classname="pagesTest.HomePageTest" name="use_of_sendKeys_method_then_click_by_enter_key_of_the_laptop_test_01" time="0.000">
    <skipped/>
  </testcase> <!-- use_of_sendKeys_method_then_click_by_enter_key_of_the_laptop_test_01 -->
  <testcase classname="pagesTest.HomePageTest" name="use_of_isSelected_in_login" time="0.000">
    <skipped/>
  </testcase> <!-- use_of_isSelected_in_login -->
  <testcase classname="pagesTest.HomePageTest" name="scroll_into_view_the_element_by_commonActions_test" time="0.001">
    <skipped/>
  </testcase> <!-- scroll_into_view_the_element_by_commonActions_test -->
  <testcase classname="pagesTest.HomePageTest" name="initialTest" time="0.002">
    <error message="Cannot invoke &quot;com.aventstack.extentreports.ExtentReports.createTest(String)&quot; because &quot;extentReports&quot; is null" type="java.lang.NullPointerException">
      <![CDATA[java.lang.NullPointerException: Cannot invoke "com.aventstack.extentreports.ExtentReports.createTest(String)" because "extentReports" is null
at reports.TestManager.createTest(TestManager.java:14)
at baseUtil.BaseClass.initialTest(BaseClass.java:50)
at java.base/jdk.internal.reflect.DirectMethodHandleAccessor.invoke(DirectMethodHandleAccessor.java:103)
at java.base/java.lang.reflect.Method.invoke(Method.java:580)
at org.testng.internal.invokers.MethodInvocationHelper.invokeMethod(MethodInvocationHelper.java:141)
at org.testng.internal.invokers.MethodInvocationHelper.invokeMethodConsideringTimeout(MethodInvocationHelper.java:71)
at org.testng.internal.invokers.ConfigInvoker.invokeConfigurationMethod(ConfigInvoker.java:400)
at org.testng.internal.invokers.ConfigInvoker.invokeConfigurations(ConfigInvoker.java:333)
at org.testng.internal.invokers.TestInvoker.runConfigMethods(TestInvoker.java:833)
at org.testng.internal.invokers.TestInvoker.invokeMethod(TestInvoker.java:600)
at org.testng.internal.invokers.TestInvoker.invokeTestMethod(TestInvoker.java:230)
at org.testng.internal.invokers.MethodRunner.runInSequence(MethodRunner.java:63)
at org.testng.internal.invokers.TestInvoker$MethodInvocationAgent.invoke(TestInvoker.java:992)
at org.testng.internal.invokers.TestInvoker.invokeTestMethods(TestInvoker.java:203)
at org.testng.internal.invokers.TestMethodWorker.invokeTestMethods(TestMethodWorker.java:154)
at org.testng.internal.invokers.TestMethodWorker.run(TestMethodWorker.java:134)
at java.base/java.util.ArrayList.forEach(ArrayList.java:1597)
at org.testng.TestRunner.privateRun(TestRunner.java:739)
at org.testng.TestRunner.run(TestRunner.java:614)
at org.testng.SuiteRunner.runTest(SuiteRunner.java:421)
at org.testng.SuiteRunner.runSequentially(SuiteRunner.java:413)
at org.testng.SuiteRunner.privateRun(SuiteRunner.java:373)
at org.testng.SuiteRunner.run(SuiteRunner.java:312)
at org.testng.SuiteRunnerWorker.runSuite(SuiteRunnerWorker.java:52)
at org.testng.SuiteRunnerWorker.run(SuiteRunnerWorker.java:95)
at org.testng.TestNG.runSuitesSequentially(TestNG.java:1274)
at org.testng.TestNG.runSuitesLocally(TestNG.java:1208)
at org.testng.TestNG.runSuites(TestNG.java:1112)
at org.testng.TestNG.run(TestNG.java:1079)
at org.apache.maven.surefire.testng.TestNGExecutor.run(TestNGExecutor.java:155)
at org.apache.maven.surefire.testng.TestNGDirectoryTestSuite.executeMulti(TestNGDirectoryTestSuite.java:169)
at org.apache.maven.surefire.testng.TestNGDirectoryTestSuite.execute(TestNGDirectoryTestSuite.java:88)
at org.apache.maven.surefire.testng.TestNGProvider.invoke(TestNGProvider.java:137)
at org.apache.maven.surefire.booter.ForkedBooter.runSuitesInProcess(ForkedBooter.java:385)
at org.apache.maven.surefire.booter.ForkedBooter.execute(ForkedBooter.java:162)
at org.apache.maven.surefire.booter.ForkedBooter.run(ForkedBooter.java:507)
at org.apache.maven.surefire.booter.ForkedBooter.main(ForkedBooter.java:495)
]]>
    </error>
  </testcase> <!-- initialTest -->
  <testcase classname="pagesTest.HomePageTest" name="web_based_alert_dismiss_test" time="0.000">
    <skipped/>
  </testcase> <!-- web_based_alert_dismiss_test -->
  <testcase classname="pagesTest.HomePageTest" name="use_of_isDisplayed_in_login_test" time="0.000">
    <skipped/>
  </testcase> <!-- use_of_isDisplayed_in_login_test -->
  <testcase classname="pagesTest.HomePageTest" name="getMethodsOfThePageTest" time="0.000">
    <skipped/>
  </testcase> <!-- getMethodsOfThePageTest -->
  <testcase classname="pagesTest.HomePageTest" name="use_of_scroll_down_and_up_by_javascriptExecutor_test" time="0.000">
    <skipped/>
  </testcase> <!-- use_of_scroll_down_and_up_by_javascriptExecutor_test -->
  <testcase classname="pagesTest.HomePageTest" name="clickNewUserRegistrationTest" time="0.000">
    <skipped/>
  </testcase> <!-- clickNewUserRegistrationTest -->
  <testcase classname="pagesTest.HomePageTest" name="use_of_explicitly_wait_03_test" time="0.000">
    <skipped/>
  </testcase> <!-- use_of_explicitly_wait_03_test -->
  <testcase classname="pagesTest.HomePageTest" name="nullPointerExceptionTest" time="0.000">
    <skipped/>
  </testcase> <!-- nullPointerExceptionTest -->
  <testcase classname="pagesTest.HomePageTest" name="use_of_sendKeys_method_then_click_by_tab_key_of_the_laptop_test" time="0.000">
    <skipped/>
  </testcase> <!-- use_of_sendKeys_method_then_click_by_tab_key_of_the_laptop_test -->
  <testcase classname="pagesTest.HomePageTest" name="login_process_by_JavascriptExecutor_test" time="0.002">
    <skipped/>
  </testcase> <!-- login_process_by_JavascriptExecutor_test -->
  <testcase classname="pagesTest.HomePageTest" name="use_of_tagName_as_locator_test" time="0.000">
    <skipped/>
  </testcase> <!-- use_of_tagName_as_locator_test -->
  <testcase classname="pagesTest.HomePageTest" name="use_of_isDisplayed_test_01" time="0.000">
    <skipped/>
  </testcase> <!-- use_of_isDisplayed_test_01 -->
  <testcase classname="pagesTest.HomePageTest" name="use_of_linkText_as_locator_in_forgot_userId_hyperlink_test" time="0.000">
    <skipped/>
  </testcase> <!-- use_of_linkText_as_locator_in_forgot_userId_hyperlink_test -->
  <testcase classname="pagesTest.HomePageTest" name="use_of_sendKeys_method_then_click_by_return_key_of_the_laptop_test" time="0.000">
    <skipped/>
  </testcase> <!-- use_of_sendKeys_method_then_click_by_return_key_of_the_laptop_test -->
  <testcase classname="pagesTest.HomePageTest" name="why_we_use_cssSelector_as_locator_in_logo_test" time="0.000">
    <skipped/>
  </testcase> <!-- why_we_use_cssSelector_as_locator_in_logo_test -->
  <testcase classname="pagesTest.HomePageTest" name="authentication_pop_up_test" time="0.001">
    <skipped/>
  </testcase> <!-- authentication_pop_up_test -->
  <testcase classname="pagesTest.HomePageTest" name="clickUnlockTest" time="0.000">
    <skipped/>
  </testcase> <!-- clickUnlockTest -->
  <testcase classname="pagesTest.HomePageTest" name="clickLogoTest" time="0.000">
    <skipped/>
  </testcase> <!-- clickLogoTest -->
  <testcase classname="pagesTest.HomePageTest" name="clickLoginButtonTest" time="0.000">
    <skipped/>
  </testcase> <!-- clickLoginButtonTest -->
  <testcase classname="pagesTest.HomePageTest" name="use_of_clear_in_login_test" time="0.000">
    <skipped/>
  </testcase> <!-- use_of_clear_in_login_test -->
  <system-out>
    <![CDATA[Sleeping ... zZz 4000<br>
[[ChromeDriver: chrome on mac (69e75a07f8289cd5aae228be969abbcf)] -> id: cms-forgot-userid]<---------> is Displayed, true<br>
Proxy element for: DefaultElementLocator 'By.id: cms-forgot-userid'<-------> has been clicked<br>
Sleeping ... zZz 4000<br>
Actual Title is : CMS Enterprise Portal - Forgot User ID ---> And Expected Title is :CMS Enterprise Portal - Forgot User ID<br>
Current URL : https://portal.cms.gov/portal/forgotuserid, Expected URL : https://portal.cms.gov/portal/forgotuserid<br>
Sleeping ... zZz 4000<br>
[[ChromeDriver: chrome on mac (f3cd279860b3b5bacea9037911d5b865)] -> id: cms-forgot-userid]<---------> is Displayed, true<br>
[[ChromeDriver: chrome on mac (f3cd279860b3b5bacea9037911d5b865)] -> id: cms-forgot-userid]<-------> has been clicked<br>
Sleeping ... zZz 4000<br>
Actual Title is : CMS Enterprise Portal - Forgot User ID ---> And Expected Title is :CMS Enterprise Portal - Forgot User ID<br>
Current URL : https://portal.cms.gov/portal/forgotuserid, Expected URL : https://portal.cms.gov/portal/forgotuserid<br>
Sleeping ... zZz 4000<br>
[[ChromeDriver: chrome on mac (c56c58b2a4caaf44494d260301c1cd21)] -> id: cms-forgot-userid]<---------> is Displayed, true<br>
[[ChromeDriver: chrome on mac (c56c58b2a4caaf44494d260301c1cd21)] -> id: cms-forgot-userid]<-------> has been clicked<br>
Sleeping ... zZz 4000<br>
Actual Title is : CMS Enterprise Portal - Forgot User ID ---> And Expected Title is :CMS Enterprise Portal - Forgot User ID<br>
Current URL : https://portal.cms.gov/portal/forgotuserid, Expected URL : https://portal.cms.gov/portal/forgotuserid<br>
Sleeping ... zZz 4000<br>
Sleeping ... zZz 4000<br>
[[ChromeDriver: chrome on mac (36b7e96738be894ef828ca1649d1814a)] -> id: cms-forgot-userid]<---------> is Displayed, true<br>
[[ChromeDriver: chrome on mac (36b7e96738be894ef828ca1649d1814a)] -> id: cms-forgot-userid]<-------> has been clicked<br>
Sleeping ... zZz 4000<br>
Actual Title is : CMS Enterprise Portal - Forgot User ID ---> And Expected Title is :CMS Enterprise Portal - Forgot User ID<br>
Current URL : https://portal.cms.gov/portal/forgotuserid, Expected URL : https://portal.cms.gov/portal/forgotuserid<br>
Sleeping ... zZz 4000<br>
Sleeping ... zZz 4000<br>
[[ChromeDriver: chrome on mac (bef4ab6db175e018c184efc50a75c6d4)] -> id: cms-forgot-userid]<---------> is Displayed, true<br>
[[ChromeDriver: chrome on mac (bef4ab6db175e018c184efc50a75c6d4)] -> id: cms-forgot-userid]<-------> has been clicked<br>
Sleeping ... zZz 4000<br>
Actual Title is : CMS Enterprise Portal - Forgot User ID ---> And Expected Title is :CMS Enterprise Portal - Forgot User ID<br>
Current URL : https://portal.cms.gov/portal/forgotuserid, Expected URL : https://portal.cms.gov/portal/forgotuserid<br>
[[ChromeDriver: chrome on mac (bef4ab6db175e018c184efc50a75c6d4)] -> xpath: //h1[contains(text(), 'Forgot User ID')]] ---> Actual Header : Forgot User ID. Expected Header : Forgot User ID<br>
[[ChromeDriver: chrome on mac (bef4ab6db175e018c184efc50a75c6d4)] -> xpath: //p[contains(text(), 'Please e')]] ---> Actual SubHeader : Please enter the following information to retrieve your User ID.. Expected SubHeader : Please enter the following information to retrieve your User ID.<br>
[[ChromeDriver: chrome on mac (bef4ab6db175e018c184efc50a75c6d4)] -> xpath: //p[contains(@id, 'cms-allfields-req')]] ---> Actual Other Header : All fields are required.. Expected Other Header : All fields are required.<br>
Mohammad <-----> has been put into <-----> [[ChromeDriver: chrome on mac (bef4ab6db175e018c184efc50a75c6d4)] -> xpath: //input[contains(@id, 'cms-forgotid-fi')]]<br>
Sleeping ... zZz 4000<br>
Sharkar <-----> has been put into <-----> [[ChromeDriver: chrome on mac (bef4ab6db175e018c184efc50a75c6d4)] -> xpath: //input[@name='cms-forgotid-lastName']]<br>
January is present in the dropdpwn<br>
Sleeping ... zZz 2000<br>
February is present in the dropdpwn<br>
Sleeping ... zZz 2000<br>
March is present in the dropdpwn<br>
Sleeping ... zZz 2000<br>
April is present in the dropdpwn<br>
Sleeping ... zZz 2000<br>
May is present in the dropdpwn<br>
Sleeping ... zZz 2000<br>
June is present in the dropdpwn<br>
Sleeping ... zZz 2000<br>
July is present in the dropdpwn<br>
Sleeping ... zZz 2000<br>
August is present in the dropdpwn<br>
Sleeping ... zZz 2000<br>
September is present in the dropdpwn<br>
Sleeping ... zZz 2000<br>
October is present in the dropdpwn<br>
Sleeping ... zZz 2000<br>
November is present in the dropdpwn<br>
Sleeping ... zZz 2000<br>
December is present in the dropdpwn<br>
Sleeping ... zZz 2000<br>
Total Element: 12 is present in the dropdown<br>
June has been selected from the dropdown of ---> [[ChromeDriver: chrome on mac (bef4ab6db175e018c184efc50a75c6d4)] -> xpath: //select[contains(@name, 'cms-forgotid-birthM')]]<br>
Sleeping ... zZz 4000<br>
Screenshot cannot be captured<br>]]>
  </system-out>
</testsuite> <!-- pagesTest.HomePageTest -->
